This file contains any messages produced by compilers while
running configure, to aid debugging if configure makes a mistake.

It was created by libpng configure 1.2.10, which was
generated by GNU Autoconf 2.59.  Invocation command line was

  $ ./configure --build=ppc-apple-darwin8.6.1 CFLAGS=-arch ppc -DPNG_NO_ASSEMBLER

## --------- ##
## Platform. ##
## --------- ##

hostname = frylock.local
uname -m = i386
uname -r = 8.6.1
uname -s = Darwin
uname -v = Darwin Kernel Version 8.6.1: Tue Mar  7 16:55:45 PST 2006; root:xnu-792.9.22.obj~1/RELEASE_I386

/usr/bin/uname -p = i386
/bin/uname -X     = unknown

/bin/arch              = unknown
/usr/bin/arch -k       = unknown
/usr/convex/getsysinfo = unknown
hostinfo               = Mach kernel version:
	 Darwin Kernel Version 8.6.1: Tue Mar  7 16:55:45 PST 2006; root:xnu-792.9.22.obj~1/RELEASE_I386
Kernel configured for up to 2 processors.
2 processors are physically available.
2 processors are logically available.
Processor type: i486 (Intel 80486)
Processors active: 0 1
Primary memory available: 512.00 megabytes
Default processor set: 59 tasks, 188 threads, 2 processors
Load average: 1.64, Mach factor: 0.80
/bin/machine           = unknown
/usr/bin/oslevel       = unknown
/bin/universe          = unknown

PATH: /usr/local/bin
PATH: /Users/mike/bin
PATH: /bin
PATH: /sbin
PATH: /usr/bin
PATH: /usr/sbin


## ----------- ##
## Core tests. ##
## ----------- ##

configure:1559: checking for a BSD-compatible install
configure:1614: result: /usr/bin/install -c
configure:1625: checking whether build environment is sane
configure:1668: result: yes
configure:1733: checking for gawk
configure:1762: result: no
configure:1733: checking for mawk
configure:1762: result: no
configure:1733: checking for nawk
configure:1762: result: no
configure:1733: checking for awk
configure:1749: found /usr/bin/awk
configure:1759: result: awk
configure:1769: checking whether make sets $(MAKE)
configure:1789: result: yes
configure:1957: checking whether to enable maintainer-specific portions of Makefiles
configure:1966: result: no
configure:2038: checking for gcc
configure:2054: found /usr/bin/gcc
configure:2064: result: gcc
configure:2308: checking for C compiler version
configure:2311: gcc --version </dev/null >&5
i686-apple-darwin8-gcc-4.0.1 (GCC) 4.0.1 (Apple Computer, Inc. build 5341)
Copyright (C) 2005 Free Software Foundation, Inc.
This is free software; see the source for copying conditions.  There is NO
warranty; not even for MERCHANTABILITY or FITNESS FOR A PARTICULAR PURPOSE.

configure:2314: $? = 0
configure:2316: gcc -v </dev/null >&5
Using built-in specs.
Target: i686-apple-darwin8
Configured with: /private/var/tmp/gcc/gcc-5341.obj~1/src/configure --disable-checking -enable-werror --prefix=/usr --mandir=/share/man --enable-languages=c,objc,c++,obj-c++ --program-transform-name=/^[cg][^.-]*$/s/$/-4.0/ --with-gxx-include-dir=/include/c++/4.0.0 --with-slibdir=/usr/lib --build=powerpc-apple-darwin8 --with-arch=pentium-m --with-tune=prescott --program-prefix= --host=i686-apple-darwin8 --target=i686-apple-darwin8
Thread model: posix
gcc version 4.0.1 (Apple Computer, Inc. build 5341)
configure:2319: $? = 0
configure:2321: gcc -V </dev/null >&5
gcc: argument to `-V' is missing
configure:2324: $? = 1
configure:2347: checking for C compiler default output file name
configure:2350: gcc -arch ppc -DPNG_NO_ASSEMBLER   conftest.c  >&5
configure:2353: $? = 0
configure:2399: result: a.out
configure:2404: checking whether the C compiler works
configure:2410: ./a.out
configure:2413: $? = 0
configure:2430: result: yes
configure:2437: checking whether we are cross compiling
configure:2439: result: no
configure:2442: checking for suffix of executables
configure:2444: gcc -o conftest -arch ppc -DPNG_NO_ASSEMBLER   conftest.c  >&5
configure:2447: $? = 0
configure:2472: result: 
configure:2478: checking for suffix of object files
configure:2499: gcc -c -arch ppc -DPNG_NO_ASSEMBLER  conftest.c >&5
configure:2502: $? = 0
configure:2524: result: o
configure:2528: checking whether we are using the GNU C compiler
configure:2552: gcc -c -arch ppc -DPNG_NO_ASSEMBLER  conftest.c >&5
configure:2558: $? = 0
configure:2562: test -z 
			 || test ! -s conftest.err
configure:2565: $? = 0
configure:2568: test -s conftest.o
configure:2571: $? = 0
configure:2584: result: yes
configure:2590: checking whether gcc accepts -g
configure:2611: gcc -c -g  conftest.c >&5
configure:2617: $? = 0
configure:2621: test -z 
			 || test ! -s conftest.err
configure:2624: $? = 0
configure:2627: test -s conftest.o
configure:2630: $? = 0
configure:2641: result: yes
configure:2658: checking for gcc option to accept ANSI C
configure:2728: gcc  -c -arch ppc -DPNG_NO_ASSEMBLER  conftest.c >&5
configure:2734: $? = 0
configure:2738: test -z 
			 || test ! -s conftest.err
configure:2741: $? = 0
configure:2744: test -s conftest.o
configure:2747: $? = 0
configure:2765: result: none needed
configure:2783: gcc -c -arch ppc -DPNG_NO_ASSEMBLER  conftest.c >&5
conftest.c:2: error: parse error before 'me'
configure:2789: $? = 1
configure: failed program was:
| #ifndef __cplusplus
|   choke me
| #endif
configure:2933: checking for style of include used by make
configure:2961: result: GNU
configure:2989: checking dependency style of gcc
configure:3079: result: gcc3
configure:3096: checking for a sed that does not truncate output
configure:3150: result: /usr/bin/sed
configure:3159: checking build system type
configure:3177: result: powerpc-apple-darwin8.6.1
configure:3185: checking host system type
configure:3199: result: powerpc-apple-darwin8.6.1
configure:3207: checking for egrep
configure:3217: result: grep -E
configure:3233: checking for ld used by gcc
configure:3300: result: /usr/bin/ld
configure:3309: checking if the linker (/usr/bin/ld) is GNU ld
configure:3324: result: no
configure:3334: checking how to run the C preprocessor
configure:3369: gcc -E  conftest.c
configure:3375: $? = 0
configure:3407: gcc -E  conftest.c
conftest.c:11:28: error: ac_nonexistent.h: No such file or directory
configure:3413: $? = 1
configure: failed program was:
| /* confdefs.h.  */
| 
| #define PACKAGE_NAME "libpng"
| #define PACKAGE_TARNAME "libpng"
| #define PACKAGE_VERSION "1.2.10"
| #define PACKAGE_STRING "libpng 1.2.10"
| #define PACKAGE_BUGREPORT "png-mng-implement@lists.sourceforge.net"
| #define PACKAGE "libpng"
| #define VERSION "1.2.10"
| /* end confdefs.h.  */
| #include <ac_nonexistent.h>
configure:3452: result: gcc -E
configure:3476: gcc -E  conftest.c
configure:3482: $? = 0
configure:3514: gcc -E  conftest.c
conftest.c:11:28: error: ac_nonexistent.h: No such file or directory
configure:3520: $? = 1
configure: failed program was:
| /* confdefs.h.  */
| 
| #define PACKAGE_NAME "libpng"
| #define PACKAGE_TARNAME "libpng"
| #define PACKAGE_VERSION "1.2.10"
| #define PACKAGE_STRING "libpng 1.2.10"
| #define PACKAGE_BUGREPORT "png-mng-implement@lists.sourceforge.net"
| #define PACKAGE "libpng"
| #define VERSION "1.2.10"
| /* end confdefs.h.  */
| #include <ac_nonexistent.h>
configure:3604: checking for sed
configure:3631: result: /usr/bin/sed
configure:3656: checking for a BSD-compatible install
configure:3711: result: /usr/bin/install -c
configure:3722: checking whether ln -s works
configure:3726: result: yes
configure:3733: checking whether make sets $(MAKE)
configure:3753: result: yes
configure:3834: checking for /usr/bin/ld option to reload object files
configure:3841: result: -r
configure:3859: checking for BSD-compatible nm
configure:3908: result: /usr/bin/nm -p
configure:3912: checking how to recognise dependent libraries
configure:4088: result: pass_all
configure:4321: checking for ANSI C header files
configure:4346: gcc -c -arch ppc -DPNG_NO_ASSEMBLER  conftest.c >&5
configure:4352: $? = 0
configure:4356: test -z 
			 || test ! -s conftest.err
configure:4359: $? = 0
configure:4362: test -s conftest.o
configure:4365: $? = 0
configure:4451: gcc -o conftest -arch ppc -DPNG_NO_ASSEMBLER   conftest.c  >&5
conftest.c: In function 'main':
conftest.c:28: warning: incompatible implicit declaration of built-in function 'exit'
configure:4454: $? = 0
configure:4456: ./conftest
configure:4459: $? = 0
configure:4474: result: yes
configure:4498: checking for sys/types.h
configure:4514: gcc -c -arch ppc -DPNG_NO_ASSEMBLER  conftest.c >&5
configure:4520: $? = 0
configure:4524: test -z 
			 || test ! -s conftest.err
configure:4527: $? = 0
configure:4530: test -s conftest.o
configure:4533: $? = 0
configure:4544: result: yes
configure:4498: checking for sys/stat.h
configure:4514: gcc -c -arch ppc -DPNG_NO_ASSEMBLER  conftest.c >&5
configure:4520: $? = 0
configure:4524: test -z 
			 || test ! -s conftest.err
configure:4527: $? = 0
configure:4530: test -s conftest.o
configure:4533: $? = 0
configure:4544: result: yes
configure:4498: checking for stdlib.h
configure:4514: gcc -c -arch ppc -DPNG_NO_ASSEMBLER  conftest.c >&5
configure:4520: $? = 0
configure:4524: test -z 
			 || test ! -s conftest.err
configure:4527: $? = 0
configure:4530: test -s conftest.o
configure:4533: $? = 0
configure:4544: result: yes
configure:4498: checking for string.h
configure:4514: gcc -c -arch ppc -DPNG_NO_ASSEMBLER  conftest.c >&5
configure:4520: $? = 0
configure:4524: test -z 
			 || test ! -s conftest.err
configure:4527: $? = 0
configure:4530: test -s conftest.o
configure:4533: $? = 0
configure:4544: result: yes
configure:4498: checking for memory.h
configure:4514: gcc -c -arch ppc -DPNG_NO_ASSEMBLER  conftest.c >&5
configure:4520: $? = 0
configure:4524: test -z 
			 || test ! -s conftest.err
configure:4527: $? = 0
configure:4530: test -s conftest.o
configure:4533: $? = 0
configure:4544: result: yes
configure:4498: checking for strings.h
configure:4514: gcc -c -arch ppc -DPNG_NO_ASSEMBLER  conftest.c >&5
configure:4520: $? = 0
configure:4524: test -z 
			 || test ! -s conftest.err
configure:4527: $? = 0
configure:4530: test -s conftest.o
configure:4533: $? = 0
configure:4544: result: yes
configure:4498: checking for inttypes.h
configure:4514: gcc -c -arch ppc -DPNG_NO_ASSEMBLER  conftest.c >&5
configure:4520: $? = 0
configure:4524: test -z 
			 || test ! -s conftest.err
configure:4527: $? = 0
configure:4530: test -s conftest.o
configure:4533: $? = 0
configure:4544: result: yes
configure:4498: checking for stdint.h
configure:4514: gcc -c -arch ppc -DPNG_NO_ASSEMBLER  conftest.c >&5
configure:4520: $? = 0
configure:4524: test -z 
			 || test ! -s conftest.err
configure:4527: $? = 0
configure:4530: test -s conftest.o
configure:4533: $? = 0
configure:4544: result: yes
configure:4498: checking for unistd.h
configure:4514: gcc -c -arch ppc -DPNG_NO_ASSEMBLER  conftest.c >&5
configure:4520: $? = 0
configure:4524: test -z 
			 || test ! -s conftest.err
configure:4527: $? = 0
configure:4530: test -s conftest.o
configure:4533: $? = 0
configure:4544: result: yes
configure:4570: checking dlfcn.h usability
configure:4582: gcc -c -arch ppc -DPNG_NO_ASSEMBLER  conftest.c >&5
configure:4588: $? = 0
configure:4592: test -z 
			 || test ! -s conftest.err
configure:4595: $? = 0
configure:4598: test -s conftest.o
configure:4601: $? = 0
configure:4611: result: yes
configure:4615: checking dlfcn.h presence
configure:4625: gcc -E  conftest.c
configure:4631: $? = 0
configure:4651: result: yes
configure:4686: checking for dlfcn.h
configure:4693: result: yes
configure:4758: checking for g++
configure:4774: found /usr/bin/g++
configure:4784: result: g++
configure:4800: checking for C++ compiler version
configure:4803: g++ --version </dev/null >&5
i686-apple-darwin8-g++-4.0.1 (GCC) 4.0.1 (Apple Computer, Inc. build 5341)
Copyright (C) 2005 Free Software Foundation, Inc.
This is free software; see the source for copying conditions.  There is NO
warranty; not even for MERCHANTABILITY or FITNESS FOR A PARTICULAR PURPOSE.

configure:4806: $? = 0
configure:4808: g++ -v </dev/null >&5
Using built-in specs.
Target: i686-apple-darwin8
Configured with: /private/var/tmp/gcc/gcc-5341.obj~1/src/configure --disable-checking -enable-werror --prefix=/usr --mandir=/share/man --enable-languages=c,objc,c++,obj-c++ --program-transform-name=/^[cg][^.-]*$/s/$/-4.0/ --with-gxx-include-dir=/include/c++/4.0.0 --with-slibdir=/usr/lib --build=powerpc-apple-darwin8 --with-arch=pentium-m --with-tune=prescott --program-prefix= --host=i686-apple-darwin8 --target=i686-apple-darwin8
Thread model: posix
gcc version 4.0.1 (Apple Computer, Inc. build 5341)
configure:4811: $? = 0
configure:4813: g++ -V </dev/null >&5
g++: argument to `-V' is missing
configure:4816: $? = 1
configure:4819: checking whether we are using the GNU C++ compiler
configure:4843: g++ -c   conftest.cc >&5
configure:4849: $? = 0
configure:4853: test -z 
			 || test ! -s conftest.err
configure:4856: $? = 0
configure:4859: test -s conftest.o
configure:4862: $? = 0
configure:4875: result: yes
configure:4881: checking whether g++ accepts -g
configure:4902: g++ -c -g  conftest.cc >&5
configure:4908: $? = 0
configure:4912: test -z 
			 || test ! -s conftest.err
configure:4915: $? = 0
configure:4918: test -s conftest.o
configure:4921: $? = 0
configure:4932: result: yes
configure:4974: g++ -c -g -O2  conftest.cc >&5
configure:4980: $? = 0
configure:4984: test -z 
			 || test ! -s conftest.err
configure:4987: $? = 0
configure:4990: test -s conftest.o
configure:4993: $? = 0
configure:5019: g++ -c -g -O2  conftest.cc >&5
conftest.cc: In function 'int main()':
conftest.cc:26: error: 'exit' was not declared in this scope
configure:5025: $? = 1
configure: failed program was:
| /* confdefs.h.  */
| 
| #define PACKAGE_NAME "libpng"
| #define PACKAGE_TARNAME "libpng"
| #define PACKAGE_VERSION "1.2.10"
| #define PACKAGE_STRING "libpng 1.2.10"
| #define PACKAGE_BUGREPORT "png-mng-implement@lists.sourceforge.net"
| #define PACKAGE "libpng"
| #define VERSION "1.2.10"
| #define STDC_HEADERS 1
| #define HAVE_SYS_TYPES_H 1
| #define HAVE_SYS_STAT_H 1
| #define HAVE_STDLIB_H 1
| #define HAVE_STRING_H 1
| #define HAVE_MEMORY_H 1
| #define HAVE_STRINGS_H 1
| #define HAVE_INTTYPES_H 1
| #define HAVE_STDINT_H 1
| #define HAVE_UNISTD_H 1
| #define HAVE_DLFCN_H 1
| /* end confdefs.h.  */
| 
| int
| main ()
| {
| exit (42);
|   ;
|   return 0;
| }
configure:4974: g++ -c -g -O2  conftest.cc >&5
/usr/include/stdlib.h:158: error: declaration of 'void std::exit(int)' throws different exceptions
conftest.cc:22: error: than previous declaration 'void std::exit(int) throw ()'
configure:4980: $? = 1
configure: failed program was:
| /* confdefs.h.  */
| 
| #define PACKAGE_NAME "libpng"
| #define PACKAGE_TARNAME "libpng"
| #define PACKAGE_VERSION "1.2.10"
| #define PACKAGE_STRING "libpng 1.2.10"
| #define PACKAGE_BUGREPORT "png-mng-implement@lists.sourceforge.net"
| #define PACKAGE "libpng"
| #define VERSION "1.2.10"
| #define STDC_HEADERS 1
| #define HAVE_SYS_TYPES_H 1
| #define HAVE_SYS_STAT_H 1
| #define HAVE_STDLIB_H 1
| #define HAVE_STRING_H 1
| #define HAVE_MEMORY_H 1
| #define HAVE_STRINGS_H 1
| #define HAVE_INTTYPES_H 1
| #define HAVE_STDINT_H 1
| #define HAVE_UNISTD_H 1
| #define HAVE_DLFCN_H 1
| /* end confdefs.h.  */
| extern "C" void std::exit (int) throw (); using std::exit;
| #include <stdlib.h>
| int
| main ()
| {
| exit (42);
|   ;
|   return 0;
| }
configure:4974: g++ -c -g -O2  conftest.cc >&5
configure:4980: $? = 0
configure:4984: test -z 
			 || test ! -s conftest.err
configure:4987: $? = 0
configure:4990: test -s conftest.o
configure:4993: $? = 0
configure:5019: g++ -c -g -O2  conftest.cc >&5
configure:5025: $? = 0
configure:5029: test -z 
			 || test ! -s conftest.err
configure:5032: $? = 0
configure:5035: test -s conftest.o
configure:5038: $? = 0
configure:5063: checking dependency style of g++
configure:5153: result: gcc3
configure:5180: checking how to run the C++ preprocessor
configure:5211: g++ -E  conftest.cc
configure:5217: $? = 0
configure:5249: g++ -E  conftest.cc
conftest.cc:25:28: error: ac_nonexistent.h: No such file or directory
configure:5255: $? = 1
configure: failed program was:
| /* confdefs.h.  */
| 
| #define PACKAGE_NAME "libpng"
| #define PACKAGE_TARNAME "libpng"
| #define PACKAGE_VERSION "1.2.10"
| #define PACKAGE_STRING "libpng 1.2.10"
| #define PACKAGE_BUGREPORT "png-mng-implement@lists.sourceforge.net"
| #define PACKAGE "libpng"
| #define VERSION "1.2.10"
| #define STDC_HEADERS 1
| #define HAVE_SYS_TYPES_H 1
| #define HAVE_SYS_STAT_H 1
| #define HAVE_STDLIB_H 1
| #define HAVE_STRING_H 1
| #define HAVE_MEMORY_H 1
| #define HAVE_STRINGS_H 1
| #define HAVE_INTTYPES_H 1
| #define HAVE_STDINT_H 1
| #define HAVE_UNISTD_H 1
| #define HAVE_DLFCN_H 1
| #ifdef __cplusplus
| extern "C" void std::exit (int); using std::exit;
| #endif
| /* end confdefs.h.  */
| #include <ac_nonexistent.h>
configure:5294: result: g++ -E
configure:5318: g++ -E  conftest.cc
configure:5324: $? = 0
configure:5356: g++ -E  conftest.cc
conftest.cc:25:28: error: ac_nonexistent.h: No such file or directory
configure:5362: $? = 1
configure: failed program was:
| /* confdefs.h.  */
| 
| #define PACKAGE_NAME "libpng"
| #define PACKAGE_TARNAME "libpng"
| #define PACKAGE_VERSION "1.2.10"
| #define PACKAGE_STRING "libpng 1.2.10"
| #define PACKAGE_BUGREPORT "png-mng-implement@lists.sourceforge.net"
| #define PACKAGE "libpng"
| #define VERSION "1.2.10"
| #define STDC_HEADERS 1
| #define HAVE_SYS_TYPES_H 1
| #define HAVE_SYS_STAT_H 1
| #define HAVE_STDLIB_H 1
| #define HAVE_STRING_H 1
| #define HAVE_MEMORY_H 1
| #define HAVE_STRINGS_H 1
| #define HAVE_INTTYPES_H 1
| #define HAVE_STDINT_H 1
| #define HAVE_UNISTD_H 1
| #define HAVE_DLFCN_H 1
| #ifdef __cplusplus
| extern "C" void std::exit (int); using std::exit;
| #endif
| /* end confdefs.h.  */
| #include <ac_nonexistent.h>
configure:5459: checking for g77
configure:5488: result: no
configure:5459: checking for f77
configure:5488: result: no
configure:5459: checking for xlf
configure:5488: result: no
configure:5459: checking for frt
configure:5488: result: no
configure:5459: checking for pgf77
configure:5488: result: no
configure:5459: checking for fort77
configure:5488: result: no
configure:5459: checking for fl32
configure:5488: result: no
configure:5459: checking for af77
configure:5488: result: no
configure:5459: checking for f90
configure:5488: result: no
configure:5459: checking for xlf90
configure:5488: result: no
configure:5459: checking for pgf90
configure:5488: result: no
configure:5459: checking for epcf90
configure:5488: result: no
configure:5459: checking for f95
configure:5488: result: no
configure:5459: checking for fort
configure:5488: result: no
configure:5459: checking for xlf95
configure:5488: result: no
configure:5459: checking for ifc
configure:5488: result: no
configure:5459: checking for efc
configure:5488: result: no
configure:5459: checking for pgf95
configure:5488: result: no
configure:5459: checking for lf95
configure:5488: result: no
configure:5459: checking for gfortran
configure:5488: result: no
configure:5503: checking for Fortran 77 compiler version
configure:5503:  --version </dev/null >&5
./configure: line 1: --version: command not found
configure:5506: $? = 127
configure:5508:  -v </dev/null >&5
./configure: line 1: -v: command not found
configure:5511: $? = 127
configure:5513:  -V </dev/null >&5
./configure: line 1: -V: command not found
configure:5516: $? = 127
configure:5524: checking whether we are using the GNU Fortran 77 compiler
configure:5538:  -c  conftest.F >&5
./configure: line 1: -c: command not found
configure:5544: $? = 127
configure: failed program was:
|       program main
| #ifndef __GNUC__
|        choke me
| #endif
| 
|       end
configure:5570: result: no
configure:5576: checking whether  accepts -g
configure:5588:  -c -g conftest.f >&5
./configure: line 1: -c: command not found
configure:5594: $? = 127
configure: failed program was:
|       program main
| 
|       end
configure:5619: result: no
configure:5649: checking the maximum length of command line arguments
configure:5758: result: 196608
configure:5769: checking command to parse /usr/bin/nm -p output from gcc object
configure:5874: gcc -c -arch ppc -DPNG_NO_ASSEMBLER  conftest.c >&5
configure:5877: $? = 0
configure:5881: /usr/bin/nm -p conftest.o \| sed -n -e 's/^.*[ 	]\([BCDEGRST][BCDEGRST]*\)[ 	][ 	]*\([_A-Za-z][_A-Za-z0-9]*\)$/\1 \2 \2/p' \> conftest.nm
configure:5884: $? = 0
cannot find nm_test_var in conftest.nm
configure:5874: gcc -c -arch ppc -DPNG_NO_ASSEMBLER  conftest.c >&5
configure:5877: $? = 0
configure:5881: /usr/bin/nm -p conftest.o \| sed -n -e 's/^.*[ 	]\([BCDEGRST][BCDEGRST]*\)[ 	][ 	]*_\([_A-Za-z][_A-Za-z0-9]*\)$/\1 _\2 \2/p' \> conftest.nm
configure:5884: $? = 0
configure:5936: gcc -o conftest -arch ppc -DPNG_NO_ASSEMBLER   conftest.c conftstm.o >&5
configure:5939: $? = 0
configure:5977: result: ok
configure:5981: checking for objdir
configure:5996: result: .libs
configure:6086: checking for ar
configure:6102: found /usr/bin/ar
configure:6113: result: ar
configure:6166: checking for ranlib
configure:6182: found /usr/bin/ranlib
configure:6193: result: ranlib
configure:6246: checking for strip
configure:6262: found /usr/bin/strip
configure:6273: result: strip
configure:6545: checking if gcc supports -fno-rtti -fno-exceptions
configure:6566: gcc -c -arch ppc -DPNG_NO_ASSEMBLER  -fno-rtti -fno-exceptions conftest.c >&5
cc1: warning: command line option "-fno-rtti" is valid for C++/ObjC++ but not for C
configure:6570: $? = 0
configure:6580: result: no
configure:6595: checking for gcc option to produce PIC
configure:6805: result: -fno-common
configure:6813: checking if gcc PIC flag -fno-common works
configure:6834: gcc -c -arch ppc -DPNG_NO_ASSEMBLER  -fno-common -DPIC conftest.c >&5
configure:6838: $? = 0
configure:6848: result: yes
configure:6876: checking if gcc static flag -static works
configure:6904: result: no
configure:6914: checking if gcc supports -c -o file.o
configure:6938: gcc -c -arch ppc -DPNG_NO_ASSEMBLER  -o out/conftest2.o conftest.c >&5
configure:6942: $? = 0
configure:6961: result: yes
configure:6987: checking whether the gcc linker (/usr/bin/ld) supports shared libraries
configure:7945: result: yes
configure:8012: checking dynamic linker characteristics
configure:8600: result: darwin8.6.1 dyld
configure:8609: checking how to hardcode library paths into programs
configure:8634: result: immediate
configure:8648: checking whether stripping libraries is possible
configure:8661: result: yes
configure:9487: checking if libtool supports shared libraries
configure:9489: result: yes
configure:9492: checking whether to build shared libraries
configure:9513: result: yes
configure:9516: checking whether to build static libraries
configure:9520: result: yes
configure:9612: creating libtool
configure:10200: checking for ld used by g++
configure:10267: result: /usr/bin/ld
configure:10276: checking if the linker (/usr/bin/ld) is GNU ld
configure:10291: result: no
configure:10342: checking whether the g++ linker (/usr/bin/ld) supports shared libraries
configure:11280: result: yes
configure:11298: g++ -c -g -O2  conftest.cpp >&5
configure:11301: $? = 0
configure:11420: checking for g++ option to produce PIC
configure:11694: result: -fno-common
configure:11702: checking if g++ PIC flag -fno-common works
configure:11723: g++ -c -g -O2  -fno-common -DPIC conftest.cpp >&5
configure:11727: $? = 0
configure:11737: result: yes
configure:11765: checking if g++ static flag -static works
configure:11793: result: no
configure:11803: checking if g++ supports -c -o file.o
configure:11827: g++ -c -g -O2  -o out/conftest2.o conftest.cpp >&5
configure:11831: $? = 0
configure:11850: result: yes
configure:11876: checking whether the g++ linker (/usr/bin/ld) supports shared libraries
configure:11901: result: yes
configure:11968: checking dynamic linker characteristics
configure:12556: result: darwin8.6.1 dyld
configure:12565: checking how to hardcode library paths into programs
configure:12590: result: immediate
configure:18742: checking for ANSI C header files
configure:18895: result: yes
configure:18922: checking malloc.h usability
configure:18934: gcc -c -arch ppc -DPNG_NO_ASSEMBLER  conftest.c >&5
conftest.c:60:20: error: malloc.h: No such file or directory
configure:18940: $? = 1
configure: failed program was:
| /* confdefs.h.  */
| 
| #define PACKAGE_NAME "libpng"
| #define PACKAGE_TARNAME "libpng"
| #define PACKAGE_VERSION "1.2.10"
| #define PACKAGE_STRING "libpng 1.2.10"
| #define PACKAGE_BUGREPORT "png-mng-implement@lists.sourceforge.net"
| #define PACKAGE "libpng"
| #define VERSION "1.2.10"
| #define STDC_HEADERS 1
| #define HAVE_SYS_TYPES_H 1
| #define HAVE_SYS_STAT_H 1
| #define HAVE_STDLIB_H 1
| #define HAVE_STRING_H 1
| #define HAVE_MEMORY_H 1
| #define HAVE_STRINGS_H 1
| #define HAVE_INTTYPES_H 1
| #define HAVE_STDINT_H 1
| #define HAVE_UNISTD_H 1
| #define HAVE_DLFCN_H 1
| #ifdef __cplusplus
| extern "C" void std::exit (int); using std::exit;
| #endif
| #define STDC_HEADERS 1
| /* end confdefs.h.  */
| #include <stdio.h>
| #if HAVE_SYS_TYPES_H
| # include <sys/types.h>
| #endif
| #if HAVE_SYS_STAT_H
| # include <sys/stat.h>
| #endif
| #if STDC_HEADERS
| # include <stdlib.h>
| # include <stddef.h>
| #else
| # if HAVE_STDLIB_H
| #  include <stdlib.h>
| # endif
| #endif
| #if HAVE_STRING_H
| # if !STDC_HEADERS && HAVE_MEMORY_H
| #  include <memory.h>
| # endif
| # include <string.h>
| #endif
| #if HAVE_STRINGS_H
| # include <strings.h>
| #endif
| #if HAVE_INTTYPES_H
| # include <inttypes.h>
| #else
| # if HAVE_STDINT_H
| #  include <stdint.h>
| # endif
| #endif
| #if HAVE_UNISTD_H
| # include <unistd.h>
| #endif
| #include <malloc.h>
configure:18963: result: no
configure:18967: checking malloc.h presence
configure:18977: gcc -E  conftest.c
conftest.c:26:20: error: malloc.h: No such file or directory
configure:18983: $? = 1
configure: failed program was:
| /* confdefs.h.  */
| 
| #define PACKAGE_NAME "libpng"
| #define PACKAGE_TARNAME "libpng"
| #define PACKAGE_VERSION "1.2.10"
| #define PACKAGE_STRING "libpng 1.2.10"
| #define PACKAGE_BUGREPORT "png-mng-implement@lists.sourceforge.net"
| #define PACKAGE "libpng"
| #define VERSION "1.2.10"
| #define STDC_HEADERS 1
| #define HAVE_SYS_TYPES_H 1
| #define HAVE_SYS_STAT_H 1
| #define HAVE_STDLIB_H 1
| #define HAVE_STRING_H 1
| #define HAVE_MEMORY_H 1
| #define HAVE_STRINGS_H 1
| #define HAVE_INTTYPES_H 1
| #define HAVE_STDINT_H 1
| #define HAVE_UNISTD_H 1
| #define HAVE_DLFCN_H 1
| #ifdef __cplusplus
| extern "C" void std::exit (int); using std::exit;
| #endif
| #define STDC_HEADERS 1
| /* end confdefs.h.  */
| #include <malloc.h>
configure:19003: result: no
configure:19038: checking for malloc.h
configure:19045: result: no
configure:18913: checking for stdlib.h
configure:18918: result: yes
configure:18913: checking for string.h
configure:18918: result: yes
configure:18913: checking for strings.h
configure:18918: result: yes
configure:19060: checking for an ANSI C-conforming const
configure:19127: gcc -c -arch ppc -DPNG_NO_ASSEMBLER  conftest.c >&5
configure:19133: $? = 0
configure:19137: test -z 
			 || test ! -s conftest.err
configure:19140: $? = 0
configure:19143: test -s conftest.o
configure:19146: $? = 0
configure:19157: result: yes
configure:19167: checking for size_t
configure:19191: gcc -c -arch ppc -DPNG_NO_ASSEMBLER  conftest.c >&5
configure:19197: $? = 0
configure:19201: test -z 
			 || test ! -s conftest.err
configure:19204: $? = 0
configure:19207: test -s conftest.o
configure:19210: $? = 0
configure:19221: result: yes
configure:19233: checking whether struct tm is in sys/time.h or time.h
configure:19256: gcc -c -arch ppc -DPNG_NO_ASSEMBLER  conftest.c >&5
configure:19262: $? = 0
configure:19266: test -z 
			 || test ! -s conftest.err
configure:19269: $? = 0
configure:19272: test -s conftest.o
configure:19275: $? = 0
configure:19286: result: time.h
configure:19303: checking for stdlib.h
configure:19308: result: yes
configure:19448: checking for GNU libc compatible malloc
configure:19477: gcc -o conftest -arch ppc -DPNG_NO_ASSEMBLER   conftest.c  >&5
configure:19480: $? = 0
configure:19482: ./conftest
configure:19485: $? = 0
configure:19499: result: yes
configure:19529: checking for working strtod
configure:19572: gcc -o conftest -arch ppc -DPNG_NO_ASSEMBLER   conftest.c  >&5
conftest.c: In function 'main':
conftest.c:43: warning: incompatible implicit declaration of built-in function 'exit'
conftest.c:53: warning: incompatible implicit declaration of built-in function 'exit'
conftest.c:55: warning: incompatible implicit declaration of built-in function 'exit'
configure:19575: $? = 0
configure:19577: ./conftest
configure:19580: $? = 0
configure:19594: result: yes
configure:19776: checking for memset
configure:19833: gcc -o conftest -arch ppc -DPNG_NO_ASSEMBLER   conftest.c  >&5
conftest.c:55: warning: conflicting types for built-in function 'memset'
configure:19839: $? = 0
configure:19843: test -z 
			 || test ! -s conftest.err
configure:19846: $? = 0
configure:19849: test -s conftest
configure:19852: $? = 0
configure:19864: result: yes
configure:19882: checking for pow
configure:19939: gcc -o conftest -arch ppc -DPNG_NO_ASSEMBLER   conftest.c  >&5
conftest.c:56: warning: conflicting types for built-in function 'pow'
configure:19945: $? = 0
configure:19949: test -z 
			 || test ! -s conftest.err
configure:19952: $? = 0
configure:19955: test -s conftest
configure:19958: $? = 0
configure:19970: result: yes
configure:20060: checking for zlibVersion in -lz
configure:20090: gcc -o conftest -arch ppc -DPNG_NO_ASSEMBLER   conftest.c -lz   >&5
configure:20096: $? = 0
configure:20100: test -z 
			 || test ! -s conftest.err
configure:20103: $? = 0
configure:20106: test -s conftest
configure:20109: $? = 0
configure:20122: result: yes
configure:20138: checking if assembler code in pnggccrd.c can be compiled
configure:20156: gcc -c -arch ppc -DPNG_NO_ASSEMBLER  conftest.c >&5
configure:20162: $? = 0
configure:20166: test -z 
			 || test ! -s conftest.err
configure:20169: $? = 0
configure:20172: test -s conftest.o
configure:20175: $? = 0
configure:20190: result: no
configure:20199: checking if libraries can be versioned
configure:20208: result: no
configure:20210: WARNING: *** You have not enabled versioned symbols.
configure:20241: pkgconfig directory is ${libdir}/pkgconfig
configure:20415: creating ./config.status

## ---------------------- ##
## Running config.status. ##
## ---------------------- ##

This file was extended by libpng config.status 1.2.10, which was
generated by GNU Autoconf 2.59.  Invocation command line was

  CONFIG_FILES    = 
  CONFIG_HEADERS  = 
  CONFIG_LINKS    = 
  CONFIG_COMMANDS = 
  $ ./config.status 

on frylock.local

config.status:731: creating Makefile
config.status:731: creating libpng.pc
config.status:731: creating libpng-config
config.status:839: creating config.h
config.status:965: config.h is unchanged
config.status:1145: executing depfiles commands

## ---------------- ##
## Cache variables. ##
## ---------------- ##

ac_cv_build=powerpc-apple-darwin8.6.1
ac_cv_build_alias=ppc-apple-darwin8.6.1
ac_cv_c_compiler_gnu=yes
ac_cv_c_const=yes
ac_cv_cxx_compiler_gnu=yes
ac_cv_env_CC_set=
ac_cv_env_CC_value=
ac_cv_env_CFLAGS_set=set
ac_cv_env_CFLAGS_value='-arch ppc -DPNG_NO_ASSEMBLER'
ac_cv_env_CPPFLAGS_set=
ac_cv_env_CPPFLAGS_value=
ac_cv_env_CPP_set=
ac_cv_env_CPP_value=
ac_cv_env_CXXCPP_set=
ac_cv_env_CXXCPP_value=
ac_cv_env_CXXFLAGS_set=
ac_cv_env_CXXFLAGS_value=
ac_cv_env_CXX_set=
ac_cv_env_CXX_value=
ac_cv_env_F77_set=
ac_cv_env_F77_value=
ac_cv_env_FFLAGS_set=
ac_cv_env_FFLAGS_value=
ac_cv_env_LDFLAGS_set=
ac_cv_env_LDFLAGS_value=
ac_cv_env_build_alias_set=set
ac_cv_env_build_alias_value=ppc-apple-darwin8.6.1
ac_cv_env_host_alias_set=
ac_cv_env_host_alias_value=
ac_cv_env_target_alias_set=
ac_cv_env_target_alias_value=
ac_cv_exeext=
ac_cv_f77_compiler_gnu=no
ac_cv_func_malloc_0_nonnull=yes
ac_cv_func_memset=yes
ac_cv_func_pow=yes
ac_cv_func_strtod=yes
ac_cv_header_dlfcn_h=yes
ac_cv_header_inttypes_h=yes
ac_cv_header_malloc_h=no
ac_cv_header_memory_h=yes
ac_cv_header_stdc=yes
ac_cv_header_stdint_h=yes
ac_cv_header_stdlib_h=yes
ac_cv_header_string_h=yes
ac_cv_header_strings_h=yes
ac_cv_header_sys_stat_h=yes
ac_cv_header_sys_types_h=yes
ac_cv_header_unistd_h=yes
ac_cv_host=powerpc-apple-darwin8.6.1
ac_cv_host_alias=ppc-apple-darwin8.6.1
ac_cv_lib_z_zlibVersion=yes
ac_cv_objext=o
ac_cv_path_install='/usr/bin/install -c'
ac_cv_prog_AWK=awk
ac_cv_prog_CPP='gcc -E'
ac_cv_prog_CXXCPP='g++ -E'
ac_cv_prog_ac_ct_AR=ar
ac_cv_prog_ac_ct_CC=gcc
ac_cv_prog_ac_ct_CXX=g++
ac_cv_prog_ac_ct_RANLIB=ranlib
ac_cv_prog_ac_ct_SED=/usr/bin/sed
ac_cv_prog_ac_ct_STRIP=strip
ac_cv_prog_cc_g=yes
ac_cv_prog_cc_stdc=
ac_cv_prog_cxx_g=yes
ac_cv_prog_egrep='grep -E'
ac_cv_prog_f77_g=no
ac_cv_prog_make_make_set=yes
ac_cv_struct_tm=time.h
ac_cv_type_size_t=yes
am_cv_CC_dependencies_compiler_type=gcc3
am_cv_CXX_dependencies_compiler_type=gcc3
lt_cv_deplibs_check_method=pass_all
lt_cv_file_magic_cmd='$MAGIC_CMD'
lt_cv_file_magic_test_file=
lt_cv_ld_reload_flag=-r
lt_cv_objdir=.libs
lt_cv_path_LD=/usr/bin/ld
lt_cv_path_LDCXX=/usr/bin/ld
lt_cv_path_NM='/usr/bin/nm -p'
lt_cv_path_SED=/usr/bin/sed
lt_cv_prog_compiler_c_o=yes
lt_cv_prog_compiler_c_o_CXX=yes
lt_cv_prog_compiler_rtti_exceptions=no
lt_cv_prog_gnu_ld=no
lt_cv_prog_gnu_ldcxx=no
lt_cv_sys_global_symbol_pipe='sed -n -e '\''s/^.*[ 	]\([BCDEGRST][BCDEGRST]*\)[ 	][ 	]*_\([_A-Za-z][_A-Za-z0-9]*\)$/\1 _\2 \2/p'\'''
lt_cv_sys_global_symbol_to_c_name_address='sed -n -e '\''s/^: \([^ ]*\) $/  {\"\1\", (lt_ptr) 0},/p'\'' -e '\''s/^[BCDEGRST] \([^ ]*\) \([^ ]*\)$/  {"\2", (lt_ptr) \&\2},/p'\'''
lt_cv_sys_global_symbol_to_cdecl='sed -n -e '\''s/^. .* \(.*\)$/extern int \1;/p'\'''
lt_cv_sys_max_cmd_len=196608
lt_lt_cv_prog_compiler_c_o='"yes"'
lt_lt_cv_prog_compiler_c_o_CXX='"yes"'
lt_lt_cv_sys_global_symbol_pipe='"sed -n -e '\''s/^.*[ 	]\\([BCDEGRST][BCDEGRST]*\\)[ 	][ 	]*_\\([_A-Za-z][_A-Za-z0-9]*\\)\$/\\1 _\\2 \\2/p'\''"'
lt_lt_cv_sys_global_symbol_to_c_name_address='"sed -n -e '\''s/^: \\([^ ]*\\) \$/  {\\\"\\1\\\", (lt_ptr) 0},/p'\'' -e '\''s/^[BCDEGRST] \\([^ ]*\\) \\([^ ]*\\)\$/  {\"\\2\", (lt_ptr) \\&\\2},/p'\''"'
lt_lt_cv_sys_global_symbol_to_cdecl='"sed -n -e '\''s/^. .* \\(.*\\)\$/extern int \\1;/p'\''"'

## ----------------- ##
## Output variables. ##
## ----------------- ##

ACLOCAL='${SHELL} /OggFrog/limsource/libpng/missing --run aclocal-1.9'
AMDEPBACKSLASH='\'
AMDEP_FALSE='#'
AMDEP_TRUE=''
AMTAR='${SHELL} /OggFrog/limsource/libpng/missing --run tar'
AR='ar'
AUTOCONF='${SHELL} /OggFrog/limsource/libpng/missing --run autoconf'
AUTOHEADER='${SHELL} /OggFrog/limsource/libpng/missing --run autoheader'
AUTOMAKE='${SHELL} /OggFrog/limsource/libpng/missing --run automake-1.9'
AWK='awk'
CC='gcc'
CCDEPMODE='depmode=gcc3'
CFLAGS='-arch ppc -DPNG_NO_ASSEMBLER'
CPP='gcc -E'
CPPFLAGS=''
CXX='g++'
CXXCPP='g++ -E'
CXXDEPMODE='depmode=gcc3'
CXXFLAGS='-g -O2'
CYGPATH_W='echo'
DEFS='-DHAVE_CONFIG_H'
DEPDIR='.deps'
ECHO='echo'
ECHO_C=''
ECHO_N='-n'
ECHO_T=''
EGREP='grep -E'
EXEEXT=''
F77=''
FFLAGS=''
HAVE_LD_VERSION_SCRIPT_FALSE=''
HAVE_LD_VERSION_SCRIPT_TRUE='#'
INSTALL_DATA='${INSTALL} -m 644'
INSTALL_PROGRAM='${INSTALL}'
INSTALL_SCRIPT='${INSTALL}'
INSTALL_STRIP_PROGRAM='${SHELL} $(install_sh) -c -s'
LDFLAGS=''
LIBOBJS=''
LIBPNG_DEFINES='-DPNG_CONFIGURE_LIBPNG -DPNG_NO_ASSEMBLER_CODE'
LIBS='-lz '
LIBTOOL='$(SHELL) $(top_builddir)/libtool'
LN_S='ln -s'
LTLIBOBJS=''
MAINT='#'
MAINTAINER_MODE_FALSE=''
MAINTAINER_MODE_TRUE='#'
MAKEINFO='${SHELL} /OggFrog/limsource/libpng/missing --run makeinfo'
OBJEXT='o'
PACKAGE='libpng'
PACKAGE_BUGREPORT='png-mng-implement@lists.sourceforge.net'
PACKAGE_NAME='libpng'
PACKAGE_STRING='libpng 1.2.10'
PACKAGE_TARNAME='libpng'
PACKAGE_VERSION='1.2.10'
PATH_SEPARATOR=':'
PNGLIB_MAJOR='12'
PNGLIB_MINOR='10'
PNGLIB_VERSION='1.2.10'
POW_LIB=''
RANLIB='ranlib'
SED='/usr/bin/sed'
SET_MAKE=''
SHELL='/bin/sh'
STRIP='strip'
VERSION='1.2.10'
ac_ct_AR='ar'
ac_ct_CC='gcc'
ac_ct_CXX='g++'
ac_ct_F77=''
ac_ct_RANLIB='ranlib'
ac_ct_SED='/usr/bin/sed'
ac_ct_STRIP='strip'
am__fastdepCC_FALSE='#'
am__fastdepCC_TRUE=''
am__fastdepCXX_FALSE='#'
am__fastdepCXX_TRUE=''
am__include='include'
am__leading_dot='.'
am__quote=''
am__tar='${AMTAR} chof - "$$tardir"'
am__untar='${AMTAR} xf -'
binconfigs='${binconfigs}'
bindir='${exec_prefix}/bin'
build='powerpc-apple-darwin8.6.1'
build_alias='ppc-apple-darwin8.6.1'
build_cpu='powerpc'
build_os='darwin8.6.1'
build_vendor='apple'
compatlib='libpng.la'
datadir='${prefix}/share'
exec_prefix='${prefix}'
host='powerpc-apple-darwin8.6.1'
host_alias=''
host_cpu='powerpc'
host_os='darwin8.6.1'
host_vendor='apple'
includedir='${prefix}/include'
infodir='${prefix}/info'
install_sh='/OggFrog/limsource/libpng/install-sh'
libdir='${exec_prefix}/lib'
libexecdir='${exec_prefix}/libexec'
localstatedir='${prefix}/var'
mandir='${prefix}/man'
mkdir_p='$(mkinstalldirs)'
oldincludedir='/usr/include'
pkgconfigdir='${libdir}/pkgconfig'
prefix='/usr/local'
program_transform_name='s,x,x,'
sbindir='${exec_prefix}/sbin'
sharedstatedir='${prefix}/com'
sysconfdir='${prefix}/etc'
target_alias=''

## ----------- ##
## confdefs.h. ##
## ----------- ##

#define HAVE_DLFCN_H 1
#define HAVE_INTTYPES_H 1
#define HAVE_LIBZ 1
#define HAVE_MALLOC 1
#define HAVE_MEMORY_H 1
#define HAVE_MEMSET 1
#define HAVE_POW 1
#define HAVE_STDINT_H 1
#define HAVE_STDLIB_H 1
#define HAVE_STDLIB_H 1
#define HAVE_STDLIB_H 1
#define HAVE_STRINGS_H 1
#define HAVE_STRINGS_H 1
#define HAVE_STRING_H 1
#define HAVE_STRING_H 1
#define HAVE_SYS_STAT_H 1
#define HAVE_SYS_TYPES_H 1
#define HAVE_UNISTD_H 1
#define PACKAGE "libpng"
#define PACKAGE_BUGREPORT "png-mng-implement@lists.sourceforge.net"
#define PACKAGE_NAME "libpng"
#define PACKAGE_STRING "libpng 1.2.10"
#define PACKAGE_TARNAME "libpng"
#define PACKAGE_VERSION "1.2.10"
#define STDC_HEADERS 1
#define STDC_HEADERS 1
#define VERSION "1.2.10"
#endif
#ifdef __cplusplus
extern "C" void std::exit (int); using std::exit;

configure: exit 0
