This file contains any messages produced by compilers while
running configure, to aid debugging if configure makes a mistake.

It was created by ID3 Tag configure 0.15.1b, which was
generated by GNU Autoconf 2.59.  Invocation command line was

  $ ./configure 

## --------- ##
## Platform. ##
## --------- ##

hostname = frylock.local
uname -m = i386
uname -r = 8.8.1
uname -s = Darwin
uname -v = Darwin Kernel Version 8.8.1: Mon Sep 25 19:42:00 PDT 2006; root:xnu-792.13.8.obj~1/RELEASE_I386

/usr/bin/uname -p = i386
/bin/uname -X     = unknown

/bin/arch              = unknown
/usr/bin/arch -k       = unknown
/usr/convex/getsysinfo = unknown
hostinfo               = Mach kernel version:
	 Darwin Kernel Version 8.8.1: Mon Sep 25 19:42:00 PDT 2006; root:xnu-792.13.8.obj~1/RELEASE_I386
Kernel configured for up to 2 processors.
2 processors are physically available.
2 processors are logically available.
Processor type: i486 (Intel 80486)
Processors active: 0 1
Primary memory available: 512.00 megabytes
Default processor set: 63 tasks, 212 threads, 2 processors
Load average: 0.26, Mach factor: 1.73
/bin/machine           = unknown
/usr/bin/oslevel       = unknown
/bin/universe          = unknown

PATH: /usr/local/bin
PATH: /Users/mike/bin
PATH: /bin
PATH: /sbin
PATH: /usr/bin
PATH: /usr/sbin


## ----------- ##
## Core tests. ##
## ----------- ##

configure:1559: checking for a BSD-compatible install
configure:1614: result: /usr/bin/install -c
configure:1625: checking whether build environment is sane
configure:1668: result: yes
configure:1725: checking for gawk
configure:1754: result: no
configure:1725: checking for mawk
configure:1754: result: no
configure:1725: checking for nawk
configure:1754: result: no
configure:1725: checking for awk
configure:1741: found /usr/bin/awk
configure:1751: result: awk
configure:1761: checking whether make sets $(MAKE)
configure:1781: result: yes
configure:1956: checking build system type
configure:1974: result: i686-apple-darwin8.8.1
configure:1982: checking host system type
configure:1996: result: i686-apple-darwin8.8.1
configure:2052: checking for gcc
configure:2068: found /usr/bin/gcc
configure:2078: result: gcc
configure:2322: checking for C compiler version
configure:2325: gcc --version </dev/null >&5
i686-apple-darwin8-gcc-4.0.1 (GCC) 4.0.1 (Apple Computer, Inc. build 5363)
Copyright (C) 2005 Free Software Foundation, Inc.
This is free software; see the source for copying conditions.  There is NO
warranty; not even for MERCHANTABILITY or FITNESS FOR A PARTICULAR PURPOSE.

configure:2328: $? = 0
configure:2330: gcc -v </dev/null >&5
Using built-in specs.
Target: i686-apple-darwin8
Configured with: /private/var/tmp/gcc/gcc-5363.obj~28/src/configure --disable-checking -enable-werror --prefix=/usr --mandir=/share/man --enable-languages=c,objc,c++,obj-c++ --program-transform-name=/^[cg][^.-]*$/s/$/-4.0/ --with-gxx-include-dir=/include/c++/4.0.0 --with-slibdir=/usr/lib --build=powerpc-apple-darwin8 --with-arch=nocona --with-tune=generic --program-prefix= --host=i686-apple-darwin8 --target=i686-apple-darwin8
Thread model: posix
gcc version 4.0.1 (Apple Computer, Inc. build 5363)
configure:2333: $? = 0
configure:2335: gcc -V </dev/null >&5
gcc: argument to `-V' is missing
configure:2338: $? = 1
configure:2361: checking for C compiler default output file name
configure:2364: gcc    conftest.c  >&5
configure:2367: $? = 0
configure:2413: result: a.out
configure:2418: checking whether the C compiler works
configure:2424: ./a.out
configure:2427: $? = 0
configure:2444: result: yes
configure:2451: checking whether we are cross compiling
configure:2453: result: no
configure:2456: checking for suffix of executables
configure:2458: gcc -o conftest    conftest.c  >&5
configure:2461: $? = 0
configure:2486: result: 
configure:2492: checking for suffix of object files
configure:2513: gcc -c   conftest.c >&5
configure:2516: $? = 0
configure:2538: result: o
configure:2542: checking whether we are using the GNU C compiler
configure:2566: gcc -c   conftest.c >&5
configure:2572: $? = 0
configure:2575: test -z 			 || test ! -s conftest.err
configure:2578: $? = 0
configure:2581: test -s conftest.o
configure:2584: $? = 0
configure:2597: result: yes
configure:2603: checking whether gcc accepts -g
configure:2624: gcc -c -g  conftest.c >&5
configure:2630: $? = 0
configure:2633: test -z 			 || test ! -s conftest.err
configure:2636: $? = 0
configure:2639: test -s conftest.o
configure:2642: $? = 0
configure:2653: result: yes
configure:2670: checking for gcc option to accept ANSI C
configure:2740: gcc  -c -g -O2  conftest.c >&5
configure:2746: $? = 0
configure:2749: test -z 			 || test ! -s conftest.err
configure:2752: $? = 0
configure:2755: test -s conftest.o
configure:2758: $? = 0
configure:2776: result: none needed
configure:2794: gcc -c -g -O2  conftest.c >&5
conftest.c:2: error: parse error before 'me'
configure:2800: $? = 1
configure: failed program was:
| #ifndef __cplusplus
|   choke me
| #endif
configure:2941: checking for style of include used by make
configure:2969: result: GNU
configure:2997: checking dependency style of gcc
configure:3080: result: gcc3
configure:3185: checking for a sed that does not truncate output
configure:3239: result: /usr/bin/sed
configure:3242: checking for egrep
configure:3252: result: grep -E
configure:3268: checking for ld used by gcc
configure:3335: result: /usr/bin/ld
configure:3344: checking if the linker (/usr/bin/ld) is GNU ld
configure:3359: result: no
configure:3364: checking for /usr/bin/ld option to reload object files
configure:3371: result: -r
configure:3380: checking for BSD-compatible nm
configure:3422: result: /usr/bin/nm -p
configure:3426: checking whether ln -s works
configure:3430: result: yes
configure:3437: checking how to recognise dependent libraries
configure:3611: result: pass_all
configure:3824: checking how to run the C preprocessor
configure:3859: gcc -E  conftest.c
configure:3865: $? = 0
configure:3897: gcc -E  conftest.c
conftest.c:11:28: error: ac_nonexistent.h: No such file or directory
configure:3903: $? = 1
configure: failed program was:
| /* confdefs.h.  */
| 
| #define PACKAGE_NAME "ID3 Tag"
| #define PACKAGE_TARNAME "libid3tag"
| #define PACKAGE_VERSION "0.15.1b"
| #define PACKAGE_STRING "ID3 Tag 0.15.1b"
| #define PACKAGE_BUGREPORT "support@underbit.com"
| #define PACKAGE "libid3tag"
| #define VERSION "0.15.1b"
| /* end confdefs.h.  */
| #include <ac_nonexistent.h>
configure:3942: result: gcc -E
configure:3966: gcc -E  conftest.c
configure:3972: $? = 0
configure:4004: gcc -E  conftest.c
conftest.c:11:28: error: ac_nonexistent.h: No such file or directory
configure:4010: $? = 1
configure: failed program was:
| /* confdefs.h.  */
| 
| #define PACKAGE_NAME "ID3 Tag"
| #define PACKAGE_TARNAME "libid3tag"
| #define PACKAGE_VERSION "0.15.1b"
| #define PACKAGE_STRING "ID3 Tag 0.15.1b"
| #define PACKAGE_BUGREPORT "support@underbit.com"
| #define PACKAGE "libid3tag"
| #define VERSION "0.15.1b"
| /* end confdefs.h.  */
| #include <ac_nonexistent.h>
configure:4054: checking for ANSI C header files
configure:4079: gcc -c -g -O2  conftest.c >&5
configure:4085: $? = 0
configure:4088: test -z 			 || test ! -s conftest.err
configure:4091: $? = 0
configure:4094: test -s conftest.o
configure:4097: $? = 0
configure:4183: gcc -o conftest -g -O2   conftest.c  >&5
conftest.c: In function 'main':
conftest.c:28: warning: incompatible implicit declaration of built-in function 'exit'
configure:4186: $? = 0
configure:4188: ./conftest
configure:4191: $? = 0
configure:4206: result: yes
configure:4230: checking for sys/types.h
configure:4246: gcc -c -g -O2  conftest.c >&5
configure:4252: $? = 0
configure:4255: test -z 			 || test ! -s conftest.err
configure:4258: $? = 0
configure:4261: test -s conftest.o
configure:4264: $? = 0
configure:4275: result: yes
configure:4230: checking for sys/stat.h
configure:4246: gcc -c -g -O2  conftest.c >&5
configure:4252: $? = 0
configure:4255: test -z 			 || test ! -s conftest.err
configure:4258: $? = 0
configure:4261: test -s conftest.o
configure:4264: $? = 0
configure:4275: result: yes
configure:4230: checking for stdlib.h
configure:4246: gcc -c -g -O2  conftest.c >&5
configure:4252: $? = 0
configure:4255: test -z 			 || test ! -s conftest.err
configure:4258: $? = 0
configure:4261: test -s conftest.o
configure:4264: $? = 0
configure:4275: result: yes
configure:4230: checking for string.h
configure:4246: gcc -c -g -O2  conftest.c >&5
configure:4252: $? = 0
configure:4255: test -z 			 || test ! -s conftest.err
configure:4258: $? = 0
configure:4261: test -s conftest.o
configure:4264: $? = 0
configure:4275: result: yes
configure:4230: checking for memory.h
configure:4246: gcc -c -g -O2  conftest.c >&5
configure:4252: $? = 0
configure:4255: test -z 			 || test ! -s conftest.err
configure:4258: $? = 0
configure:4261: test -s conftest.o
configure:4264: $? = 0
configure:4275: result: yes
configure:4230: checking for strings.h
configure:4246: gcc -c -g -O2  conftest.c >&5
configure:4252: $? = 0
configure:4255: test -z 			 || test ! -s conftest.err
configure:4258: $? = 0
configure:4261: test -s conftest.o
configure:4264: $? = 0
configure:4275: result: yes
configure:4230: checking for inttypes.h
configure:4246: gcc -c -g -O2  conftest.c >&5
configure:4252: $? = 0
configure:4255: test -z 			 || test ! -s conftest.err
configure:4258: $? = 0
configure:4261: test -s conftest.o
configure:4264: $? = 0
configure:4275: result: yes
configure:4230: checking for stdint.h
configure:4246: gcc -c -g -O2  conftest.c >&5
configure:4252: $? = 0
configure:4255: test -z 			 || test ! -s conftest.err
configure:4258: $? = 0
configure:4261: test -s conftest.o
configure:4264: $? = 0
configure:4275: result: yes
configure:4230: checking for unistd.h
configure:4246: gcc -c -g -O2  conftest.c >&5
configure:4252: $? = 0
configure:4255: test -z 			 || test ! -s conftest.err
configure:4258: $? = 0
configure:4261: test -s conftest.o
configure:4264: $? = 0
configure:4275: result: yes
configure:4301: checking dlfcn.h usability
configure:4313: gcc -c -g -O2  conftest.c >&5
configure:4319: $? = 0
configure:4322: test -z 			 || test ! -s conftest.err
configure:4325: $? = 0
configure:4328: test -s conftest.o
configure:4331: $? = 0
configure:4341: result: yes
configure:4345: checking dlfcn.h presence
configure:4355: gcc -E  conftest.c
configure:4361: $? = 0
configure:4381: result: yes
configure:4416: checking for dlfcn.h
configure:4423: result: yes
configure:4488: checking for g++
configure:4504: found /usr/bin/g++
configure:4514: result: g++
configure:4530: checking for C++ compiler version
configure:4533: g++ --version </dev/null >&5
i686-apple-darwin8-g++-4.0.1 (GCC) 4.0.1 (Apple Computer, Inc. build 5363)
Copyright (C) 2005 Free Software Foundation, Inc.
This is free software; see the source for copying conditions.  There is NO
warranty; not even for MERCHANTABILITY or FITNESS FOR A PARTICULAR PURPOSE.

configure:4536: $? = 0
configure:4538: g++ -v </dev/null >&5
Using built-in specs.
Target: i686-apple-darwin8
Configured with: /private/var/tmp/gcc/gcc-5363.obj~28/src/configure --disable-checking -enable-werror --prefix=/usr --mandir=/share/man --enable-languages=c,objc,c++,obj-c++ --program-transform-name=/^[cg][^.-]*$/s/$/-4.0/ --with-gxx-include-dir=/include/c++/4.0.0 --with-slibdir=/usr/lib --build=powerpc-apple-darwin8 --with-arch=nocona --with-tune=generic --program-prefix= --host=i686-apple-darwin8 --target=i686-apple-darwin8
Thread model: posix
gcc version 4.0.1 (Apple Computer, Inc. build 5363)
configure:4541: $? = 0
configure:4543: g++ -V </dev/null >&5
g++: argument to `-V' is missing
configure:4546: $? = 1
configure:4549: checking whether we are using the GNU C++ compiler
configure:4573: g++ -c   conftest.cc >&5
configure:4579: $? = 0
configure:4582: test -z 			 || test ! -s conftest.err
configure:4585: $? = 0
configure:4588: test -s conftest.o
configure:4591: $? = 0
configure:4604: result: yes
configure:4610: checking whether g++ accepts -g
configure:4631: g++ -c -g  conftest.cc >&5
configure:4637: $? = 0
configure:4640: test -z 			 || test ! -s conftest.err
configure:4643: $? = 0
configure:4646: test -s conftest.o
configure:4649: $? = 0
configure:4660: result: yes
configure:4702: g++ -c -g -O2  conftest.cc >&5
configure:4708: $? = 0
configure:4711: test -z 			 || test ! -s conftest.err
configure:4714: $? = 0
configure:4717: test -s conftest.o
configure:4720: $? = 0
configure:4746: g++ -c -g -O2  conftest.cc >&5
conftest.cc: In function 'int main()':
conftest.cc:26: error: 'exit' was not declared in this scope
configure:4752: $? = 1
configure: failed program was:
| /* confdefs.h.  */
| 
| #define PACKAGE_NAME "ID3 Tag"
| #define PACKAGE_TARNAME "libid3tag"
| #define PACKAGE_VERSION "0.15.1b"
| #define PACKAGE_STRING "ID3 Tag 0.15.1b"
| #define PACKAGE_BUGREPORT "support@underbit.com"
| #define PACKAGE "libid3tag"
| #define VERSION "0.15.1b"
| #define STDC_HEADERS 1
| #define HAVE_SYS_TYPES_H 1
| #define HAVE_SYS_STAT_H 1
| #define HAVE_STDLIB_H 1
| #define HAVE_STRING_H 1
| #define HAVE_MEMORY_H 1
| #define HAVE_STRINGS_H 1
| #define HAVE_INTTYPES_H 1
| #define HAVE_STDINT_H 1
| #define HAVE_UNISTD_H 1
| #define HAVE_DLFCN_H 1
| /* end confdefs.h.  */
| 
| int
| main ()
| {
| exit (42);
|   ;
|   return 0;
| }
configure:4702: g++ -c -g -O2  conftest.cc >&5
/usr/include/stdlib.h:158: error: declaration of 'void std::exit(int)' throws different exceptions
conftest.cc:22: error: than previous declaration 'void std::exit(int) throw ()'
configure:4708: $? = 1
configure: failed program was:
| /* confdefs.h.  */
| 
| #define PACKAGE_NAME "ID3 Tag"
| #define PACKAGE_TARNAME "libid3tag"
| #define PACKAGE_VERSION "0.15.1b"
| #define PACKAGE_STRING "ID3 Tag 0.15.1b"
| #define PACKAGE_BUGREPORT "support@underbit.com"
| #define PACKAGE "libid3tag"
| #define VERSION "0.15.1b"
| #define STDC_HEADERS 1
| #define HAVE_SYS_TYPES_H 1
| #define HAVE_SYS_STAT_H 1
| #define HAVE_STDLIB_H 1
| #define HAVE_STRING_H 1
| #define HAVE_MEMORY_H 1
| #define HAVE_STRINGS_H 1
| #define HAVE_INTTYPES_H 1
| #define HAVE_STDINT_H 1
| #define HAVE_UNISTD_H 1
| #define HAVE_DLFCN_H 1
| /* end confdefs.h.  */
| extern "C" void std::exit (int) throw (); using std::exit;
| #include <stdlib.h>
| int
| main ()
| {
| exit (42);
|   ;
|   return 0;
| }
configure:4702: g++ -c -g -O2  conftest.cc >&5
configure:4708: $? = 0
configure:4711: test -z 			 || test ! -s conftest.err
configure:4714: $? = 0
configure:4717: test -s conftest.o
configure:4720: $? = 0
configure:4746: g++ -c -g -O2  conftest.cc >&5
configure:4752: $? = 0
configure:4755: test -z 			 || test ! -s conftest.err
configure:4758: $? = 0
configure:4761: test -s conftest.o
configure:4764: $? = 0
configure:4789: checking dependency style of g++
configure:4872: result: gcc3
configure:4894: checking how to run the C++ preprocessor
configure:4925: g++ -E  conftest.cc
configure:4931: $? = 0
configure:4963: g++ -E  conftest.cc
conftest.cc:25:28: error: ac_nonexistent.h: No such file or directory
configure:4969: $? = 1
configure: failed program was:
| /* confdefs.h.  */
| 
| #define PACKAGE_NAME "ID3 Tag"
| #define PACKAGE_TARNAME "libid3tag"
| #define PACKAGE_VERSION "0.15.1b"
| #define PACKAGE_STRING "ID3 Tag 0.15.1b"
| #define PACKAGE_BUGREPORT "support@underbit.com"
| #define PACKAGE "libid3tag"
| #define VERSION "0.15.1b"
| #define STDC_HEADERS 1
| #define HAVE_SYS_TYPES_H 1
| #define HAVE_SYS_STAT_H 1
| #define HAVE_STDLIB_H 1
| #define HAVE_STRING_H 1
| #define HAVE_MEMORY_H 1
| #define HAVE_STRINGS_H 1
| #define HAVE_INTTYPES_H 1
| #define HAVE_STDINT_H 1
| #define HAVE_UNISTD_H 1
| #define HAVE_DLFCN_H 1
| #ifdef __cplusplus
| extern "C" void std::exit (int); using std::exit;
| #endif
| /* end confdefs.h.  */
| #include <ac_nonexistent.h>
configure:5008: result: g++ -E
configure:5032: g++ -E  conftest.cc
configure:5038: $? = 0
configure:5070: g++ -E  conftest.cc
conftest.cc:25:28: error: ac_nonexistent.h: No such file or directory
configure:5076: $? = 1
configure: failed program was:
| /* confdefs.h.  */
| 
| #define PACKAGE_NAME "ID3 Tag"
| #define PACKAGE_TARNAME "libid3tag"
| #define PACKAGE_VERSION "0.15.1b"
| #define PACKAGE_STRING "ID3 Tag 0.15.1b"
| #define PACKAGE_BUGREPORT "support@underbit.com"
| #define PACKAGE "libid3tag"
| #define VERSION "0.15.1b"
| #define STDC_HEADERS 1
| #define HAVE_SYS_TYPES_H 1
| #define HAVE_SYS_STAT_H 1
| #define HAVE_STDLIB_H 1
| #define HAVE_STRING_H 1
| #define HAVE_MEMORY_H 1
| #define HAVE_STRINGS_H 1
| #define HAVE_INTTYPES_H 1
| #define HAVE_STDINT_H 1
| #define HAVE_UNISTD_H 1
| #define HAVE_DLFCN_H 1
| #ifdef __cplusplus
| extern "C" void std::exit (int); using std::exit;
| #endif
| /* end confdefs.h.  */
| #include <ac_nonexistent.h>
configure:5171: checking for g77
configure:5200: result: no
configure:5171: checking for f77
configure:5200: result: no
configure:5171: checking for xlf
configure:5200: result: no
configure:5171: checking for frt
configure:5200: result: no
configure:5171: checking for pgf77
configure:5200: result: no
configure:5171: checking for fort77
configure:5200: result: no
configure:5171: checking for fl32
configure:5200: result: no
configure:5171: checking for af77
configure:5200: result: no
configure:5171: checking for f90
configure:5200: result: no
configure:5171: checking for xlf90
configure:5200: result: no
configure:5171: checking for pgf90
configure:5200: result: no
configure:5171: checking for epcf90
configure:5200: result: no
configure:5171: checking for f95
configure:5200: result: no
configure:5171: checking for fort
configure:5200: result: no
configure:5171: checking for xlf95
configure:5200: result: no
configure:5171: checking for ifc
configure:5200: result: no
configure:5171: checking for efc
configure:5200: result: no
configure:5171: checking for pgf95
configure:5200: result: no
configure:5171: checking for lf95
configure:5200: result: no
configure:5171: checking for gfortran
configure:5200: result: no
configure:5215: checking for Fortran 77 compiler version
configure:5215:  --version </dev/null >&5
./configure: line 1: --version: command not found
configure:5218: $? = 127
configure:5220:  -v </dev/null >&5
./configure: line 1: -v: command not found
configure:5223: $? = 127
configure:5225:  -V </dev/null >&5
./configure: line 1: -V: command not found
configure:5228: $? = 127
configure:5236: checking whether we are using the GNU Fortran 77 compiler
configure:5250:  -c  conftest.F >&5
./configure: line 1: -c: command not found
configure:5256: $? = 127
configure: failed program was:
|       program main
| #ifndef __GNUC__
|        choke me
| #endif
| 
|       end
configure:5281: result: no
configure:5287: checking whether  accepts -g
configure:5299:  -c -g conftest.f >&5
./configure: line 1: -c: command not found
configure:5305: $? = 127
configure: failed program was:
|       program main
| 
|       end
configure:5329: result: no
configure:5359: checking the maximum length of command line arguments
configure:5424: result: 65536
configure:5435: checking command to parse /usr/bin/nm -p output from gcc object
configure:5524: gcc -c -g -O2  conftest.c >&5
configure:5527: $? = 0
configure:5531: /usr/bin/nm -p conftest.o \| sed -n -e 's/^.*[ 	]\([BCDEGRST][BCDEGRST]*\)[ 	][ 	]*\(\)\([_A-Za-z][_A-Za-z0-9]*\)$/\1 \2\3 \3/p' \> conftest.nm
configure:5534: $? = 0
cannot find nm_test_var in conftest.nm
configure:5524: gcc -c -g -O2  conftest.c >&5
configure:5527: $? = 0
configure:5531: /usr/bin/nm -p conftest.o \| sed -n -e 's/^.*[ 	]\([BCDEGRST][BCDEGRST]*\)[ 	][ 	]*\(_\)\([_A-Za-z][_A-Za-z0-9]*\)$/\1 \2\3 \3/p' \> conftest.nm
configure:5534: $? = 0
configure:5586: gcc -o conftest -g -O2   conftest.c conftstm.o >&5
configure:5589: $? = 0
configure:5627: result: ok
configure:5631: checking for objdir
configure:5646: result: .libs
configure:5736: checking for ar
configure:5752: found /usr/bin/ar
configure:5763: result: ar
configure:5816: checking for ranlib
configure:5832: found /usr/bin/ranlib
configure:5843: result: ranlib
configure:5896: checking for strip
configure:5912: found /usr/bin/strip
configure:5923: result: strip
configure:6185: checking if gcc static flag  works
configure:6208: result: yes
configure:6226: checking if gcc supports -fno-rtti -fno-exceptions
configure:6247: gcc -c -g -O2  -fno-rtti -fno-exceptions conftest.c >&5
cc1: warning: command line option "-fno-rtti" is valid for C++/ObjC++ but not for C
configure:6251: $? = 0
configure:6259: result: no
configure:6274: checking for gcc option to produce PIC
configure:6451: result: -fno-common
configure:6459: checking if gcc PIC flag -fno-common works
configure:6480: gcc -c -g -O2  -fno-common -DPIC conftest.c >&5
configure:6484: $? = 0
configure:6492: result: yes
configure:6516: checking if gcc supports -c -o file.o
configure:6540: gcc -c -g -O2  -o out/conftest2.o conftest.c >&5
configure:6544: $? = 0
configure:6561: result: yes
configure:6587: checking whether the gcc linker (/usr/bin/ld) supports shared libraries
configure:7433: result: yes
configure:7504: checking dynamic linker characteristics
configure:8044: result: darwin8.8.1 dyld
configure:8048: checking how to hardcode library paths into programs
configure:8073: result: immediate
configure:8087: checking whether stripping libraries is possible
configure:8100: result: yes
configure:8915: checking if libtool supports shared libraries
configure:8917: result: yes
configure:8920: checking whether to build shared libraries
configure:8978: result: yes
configure:8981: checking whether to build static libraries
configure:8985: result: yes
configure:9077: creating libtool
configure:9624: checking for ld used by g++
configure:9691: result: /usr/bin/ld
configure:9700: checking if the linker (/usr/bin/ld) is GNU ld
configure:9715: result: no
configure:9766: checking whether the g++ linker (/usr/bin/ld) supports shared libraries
configure:10592: result: yes
configure:10610: g++ -c -g -O2  conftest.cc >&5
configure:10613: $? = 0
configure:10709: checking for g++ option to produce PIC
configure:10961: result: -fno-common
configure:10969: checking if g++ PIC flag -fno-common works
configure:10990: g++ -c -g -O2  -fno-common -DPIC conftest.cc >&5
configure:10994: $? = 0
configure:11002: result: yes
configure:11026: checking if g++ supports -c -o file.o
configure:11050: g++ -c -g -O2  -o out/conftest2.o conftest.cc >&5
configure:11054: $? = 0
configure:11071: result: yes
configure:11097: checking whether the g++ linker (/usr/bin/ld) supports shared libraries
configure:11122: result: yes
configure:11193: checking dynamic linker characteristics
configure:11733: result: darwin8.8.1 dyld
configure:11737: checking how to hardcode library paths into programs
configure:11762: result: immediate
configure:11776: checking whether stripping libraries is possible
configure:11789: result: yes
configure:19053: checking for ANSI C header files
configure:19205: result: yes
configure:19230: checking assert.h usability
configure:19242: gcc -c -Wall  conftest.c >&5
configure:19248: $? = 0
configure:19251: test -z 			 || test ! -s conftest.err
configure:19254: $? = 0
configure:19257: test -s conftest.o
configure:19260: $? = 0
configure:19270: result: yes
configure:19274: checking assert.h presence
configure:19284: gcc -E  conftest.c
configure:19290: $? = 0
configure:19310: result: yes
configure:19345: checking for assert.h
configure:19352: result: yes
configure:19221: checking for unistd.h
configure:19226: result: yes
configure:19376: checking zlib.h usability
configure:19388: gcc -c -Wall  conftest.c >&5
configure:19394: $? = 0
configure:19397: test -z 			 || test ! -s conftest.err
configure:19400: $? = 0
configure:19403: test -s conftest.o
configure:19406: $? = 0
configure:19416: result: yes
configure:19420: checking zlib.h presence
configure:19430: gcc -E  conftest.c
configure:19436: $? = 0
configure:19456: result: yes
configure:19491: checking for zlib.h
configure:19498: result: yes
configure:19521: checking for an ANSI C-conforming const
configure:19588: gcc -c -Wall  conftest.c >&5
conftest.c: In function 'main':
conftest.c:55: warning: unused variable 's'
conftest.c:75: warning: unused variable 'foo'
conftest.c:42: warning: unused variable 'zero'
conftest.c:36: warning: unused variable 'x'
configure:19594: $? = 0
configure:19597: test -z 			 || test ! -s conftest.err
configure:19600: $? = 0
configure:19603: test -s conftest.o
configure:19606: $? = 0
configure:19617: result: yes
configure:19627: checking for inline
configure:19648: gcc -c -Wall  conftest.c >&5
configure:19654: $? = 0
configure:19657: test -z 			 || test ! -s conftest.err
configure:19660: $? = 0
configure:19663: test -s conftest.o
configure:19666: $? = 0
configure:19678: result: inline
configure:19703: checking for ftruncate
configure:19760: gcc -o conftest -Wall   conftest.c  >&5
configure:19766: $? = 0
configure:19769: test -z 			 || test ! -s conftest.err
configure:19772: $? = 0
configure:19775: test -s conftest
configure:19778: $? = 0
configure:19790: result: yes
configure:19802: checking for compress2 in -lz
configure:19832: gcc -o conftest -Wall   conftest.c -lz   >&5
configure:19838: $? = 0
configure:19841: test -z 			 || test ! -s conftest.err
configure:19844: $? = 0
configure:19847: test -s conftest
configure:19850: $? = 0
configure:19863: result: yes
configure:19943: checking whether to enable profiling
configure:19954: result: no
configure:19957: checking whether to enable debugging
configure:19994: result: default
configure:20139: creating ./config.status

## ---------------------- ##
## Running config.status. ##
## ---------------------- ##

This file was extended by ID3 Tag config.status 0.15.1b, which was
generated by GNU Autoconf 2.59.  Invocation command line was

  CONFIG_FILES    = 
  CONFIG_HEADERS  = 
  CONFIG_LINKS    = 
  CONFIG_COMMANDS = 
  $ ./config.status 

on frylock.local

config.status:756: creating Makefile
config.status:756: creating msvc++/Makefile
config.status:756: creating libid3tag.list
config.status:822: creating config.h
config.status:1120: executing depfiles commands

## ---------------- ##
## Cache variables. ##
## ---------------- ##

ac_cv_build=i686-apple-darwin8.8.1
ac_cv_build_alias=i686-apple-darwin8.8.1
ac_cv_c_compiler_gnu=yes
ac_cv_c_const=yes
ac_cv_c_inline=inline
ac_cv_cxx_compiler_gnu=yes
ac_cv_env_CC_set=
ac_cv_env_CC_value=
ac_cv_env_CFLAGS_set=
ac_cv_env_CFLAGS_value=
ac_cv_env_CPPFLAGS_set=
ac_cv_env_CPPFLAGS_value=
ac_cv_env_CPP_set=
ac_cv_env_CPP_value=
ac_cv_env_CXXCPP_set=
ac_cv_env_CXXCPP_value=
ac_cv_env_CXXFLAGS_set=
ac_cv_env_CXXFLAGS_value=
ac_cv_env_CXX_set=
ac_cv_env_CXX_value=
ac_cv_env_F77_set=
ac_cv_env_F77_value=
ac_cv_env_FFLAGS_set=
ac_cv_env_FFLAGS_value=
ac_cv_env_LDFLAGS_set=
ac_cv_env_LDFLAGS_value=
ac_cv_env_build_alias_set=
ac_cv_env_build_alias_value=
ac_cv_env_host_alias_set=
ac_cv_env_host_alias_value=
ac_cv_env_target_alias_set=
ac_cv_env_target_alias_value=
ac_cv_exeext=
ac_cv_f77_compiler_gnu=no
ac_cv_func_ftruncate=yes
ac_cv_header_assert_h=yes
ac_cv_header_dlfcn_h=yes
ac_cv_header_inttypes_h=yes
ac_cv_header_memory_h=yes
ac_cv_header_stdc=yes
ac_cv_header_stdint_h=yes
ac_cv_header_stdlib_h=yes
ac_cv_header_string_h=yes
ac_cv_header_strings_h=yes
ac_cv_header_sys_stat_h=yes
ac_cv_header_sys_types_h=yes
ac_cv_header_unistd_h=yes
ac_cv_header_zlib_h=yes
ac_cv_host=i686-apple-darwin8.8.1
ac_cv_host_alias=i686-apple-darwin8.8.1
ac_cv_lib_z_compress2=yes
ac_cv_objext=o
ac_cv_path_install='/usr/bin/install -c'
ac_cv_prog_AWK=awk
ac_cv_prog_CPP='gcc -E'
ac_cv_prog_CXXCPP='g++ -E'
ac_cv_prog_ac_ct_AR=ar
ac_cv_prog_ac_ct_CC=gcc
ac_cv_prog_ac_ct_CXX=g++
ac_cv_prog_ac_ct_RANLIB=ranlib
ac_cv_prog_ac_ct_STRIP=strip
ac_cv_prog_cc_g=yes
ac_cv_prog_cc_stdc=
ac_cv_prog_cxx_g=yes
ac_cv_prog_egrep='grep -E'
ac_cv_prog_f77_g=no
ac_cv_prog_make_make_set=yes
am_cv_CC_dependencies_compiler_type=gcc3
am_cv_CXX_dependencies_compiler_type=gcc3
lt_cv_deplibs_check_method=pass_all
lt_cv_file_magic_cmd='$MAGIC_CMD'
lt_cv_file_magic_test_file=
lt_cv_ld_reload_flag=-r
lt_cv_objdir=.libs
lt_cv_path_LD=/usr/bin/ld
lt_cv_path_LDCXX=/usr/bin/ld
lt_cv_path_NM='/usr/bin/nm -p'
lt_cv_path_SED=/usr/bin/sed
lt_cv_prog_compiler_c_o=yes
lt_cv_prog_compiler_c_o_CXX=yes
lt_cv_prog_compiler_rtti_exceptions=no
lt_cv_prog_gnu_ld=no
lt_cv_prog_gnu_ldcxx=no
lt_cv_sys_global_symbol_pipe='sed -n -e '\''s/^.*[ 	]\([BCDEGRST][BCDEGRST]*\)[ 	][ 	]*\(_\)\([_A-Za-z][_A-Za-z0-9]*\)$/\1 \2\3 \3/p'\'''
lt_cv_sys_global_symbol_to_c_name_address='sed -n -e '\''s/^: \([^ ]*\) $/  {\"\1\", (lt_ptr) 0},/p'\'' -e '\''s/^[BCDEGRST] \([^ ]*\) \([^ ]*\)$/  {"\2", (lt_ptr) \&\2},/p'\'''
lt_cv_sys_global_symbol_to_cdecl='sed -n -e '\''s/^. .* \(.*\)$/extern int \1;/p'\'''
lt_cv_sys_max_cmd_len=65536
lt_lt_cv_prog_compiler_c_o='"yes"'
lt_lt_cv_prog_compiler_c_o_CXX='"yes"'
lt_lt_cv_sys_global_symbol_pipe='"sed -n -e '\''s/^.*[ 	]\\([BCDEGRST][BCDEGRST]*\\)[ 	][ 	]*\\(_\\)\\([_A-Za-z][_A-Za-z0-9]*\\)\$/\\1 \\2\\3 \\3/p'\''"'
lt_lt_cv_sys_global_symbol_to_c_name_address='"sed -n -e '\''s/^: \\([^ ]*\\) \$/  {\\\"\\1\\\", (lt_ptr) 0},/p'\'' -e '\''s/^[BCDEGRST] \\([^ ]*\\) \\([^ ]*\\)\$/  {\"\\2\", (lt_ptr) \\&\\2},/p'\''"'
lt_lt_cv_sys_global_symbol_to_cdecl='"sed -n -e '\''s/^. .* \\(.*\\)\$/extern int \\1;/p'\''"'

## ----------------- ##
## Output variables. ##
## ----------------- ##

ACLOCAL='${SHELL} /Users/mike/OggFrog/libid3tag/missing --run aclocal-1.8'
AMDEPBACKSLASH='\'
AMDEP_FALSE='#'
AMDEP_TRUE=''
AMTAR='${SHELL} /Users/mike/OggFrog/libid3tag/missing --run tar'
AR='ar'
AUTOCONF='${SHELL} /Users/mike/OggFrog/libid3tag/missing --run autoconf'
AUTOHEADER='${SHELL} /Users/mike/OggFrog/libid3tag/missing --run autoheader'
AUTOMAKE='${SHELL} /Users/mike/OggFrog/libid3tag/missing --run automake-1.8'
AWK='awk'
CC='gcc'
CCDEPMODE='depmode=gcc3'
CFLAGS='-Wall -g -O2'
CPP='gcc -E'
CPPFLAGS=''
CXX='g++'
CXXCPP='g++ -E'
CXXDEPMODE='depmode=gcc3'
CXXFLAGS='-g -O2'
CYGPATH_W='echo'
DEBUG_FALSE=''
DEBUG_TRUE='#'
DEFS='-DHAVE_CONFIG_H'
DEPDIR='.deps'
ECHO='echo'
ECHO_C=''
ECHO_N='-n'
ECHO_T=''
EGREP='grep -E'
EXEEXT=''
F77=''
FFLAGS=''
INSTALL_DATA='${INSTALL} -m 644'
INSTALL_PROGRAM='${INSTALL}'
INSTALL_SCRIPT='${INSTALL}'
INSTALL_STRIP_PROGRAM='${SHELL} $(install_sh) -c -s'
LDFLAGS=''
LIBOBJS=''
LIBS='-lz '
LIBTOOL='$(SHELL) $(top_builddir)/libtool'
LIBTOOL_DEPS='./ltmain.sh'
LN_S='ln -s'
LTLIBOBJS=''
MAKEINFO='${SHELL} /Users/mike/OggFrog/libid3tag/missing --run makeinfo'
OBJEXT='o'
PACKAGE='libid3tag'
PACKAGE_BUGREPORT='support@underbit.com'
PACKAGE_NAME='ID3 Tag'
PACKAGE_STRING='ID3 Tag 0.15.1b'
PACKAGE_TARNAME='libid3tag'
PACKAGE_VERSION='0.15.1b'
PATH_SEPARATOR=':'
RANLIB='ranlib'
SET_MAKE=''
SHELL='/bin/sh'
STRIP='strip'
VERSION='0.15.1b'
ac_ct_AR='ar'
ac_ct_CC='gcc'
ac_ct_CXX='g++'
ac_ct_F77=''
ac_ct_RANLIB='ranlib'
ac_ct_STRIP='strip'
am__fastdepCC_FALSE='#'
am__fastdepCC_TRUE=''
am__fastdepCXX_FALSE='#'
am__fastdepCXX_TRUE=''
am__include='include'
am__leading_dot='.'
am__quote=''
bindir='${exec_prefix}/bin'
build='i686-apple-darwin8.8.1'
build_alias=''
build_cpu='i686'
build_os='darwin8.8.1'
build_vendor='apple'
datadir='${prefix}/share'
exec_prefix='${prefix}'
host='i686-apple-darwin8.8.1'
host_alias=''
host_cpu='i686'
host_os='darwin8.8.1'
host_vendor='apple'
includedir='${prefix}/include'
infodir='${prefix}/info'
install_sh='/Users/mike/OggFrog/libid3tag/install-sh'
libdir='${exec_prefix}/lib'
libexecdir='${exec_prefix}/libexec'
localstatedir='${prefix}/var'
mandir='${prefix}/man'
mkdir_p='mkdir -p -- .'
oldincludedir='/usr/include'
prefix='/usr/local'
program_transform_name='s,x,x,'
sbindir='${exec_prefix}/sbin'
sharedstatedir='${prefix}/com'
sysconfdir='${prefix}/etc'
target_alias=''

## ----------- ##
## confdefs.h. ##
## ----------- ##

#define HAVE_ASSERT_H 1
#define HAVE_DLFCN_H 1
#define HAVE_FTRUNCATE 1
#define HAVE_INTTYPES_H 1
#define HAVE_LIBZ 1
#define HAVE_MEMORY_H 1
#define HAVE_STDINT_H 1
#define HAVE_STDLIB_H 1
#define HAVE_STRINGS_H 1
#define HAVE_STRING_H 1
#define HAVE_SYS_STAT_H 1
#define HAVE_SYS_TYPES_H 1
#define HAVE_UNISTD_H 1
#define HAVE_UNISTD_H 1
#define PACKAGE "libid3tag"
#define PACKAGE_BUGREPORT "support@underbit.com"
#define PACKAGE_NAME "ID3 Tag"
#define PACKAGE_STRING "ID3 Tag 0.15.1b"
#define PACKAGE_TARNAME "libid3tag"
#define PACKAGE_VERSION "0.15.1b"
#define STDC_HEADERS 1
#define STDC_HEADERS 1
#define VERSION "0.15.1b"
#endif
#ifdef __cplusplus
extern "C" void std::exit (int); using std::exit;

configure: exit 0
