This file contains any messages produced by compilers while
running configure, to aid debugging if configure makes a mistake.

It was created by configure, which was
generated by GNU Autoconf 2.57.  Invocation command line was

  $ ./configure 

## --------- ##
## Platform. ##
## --------- ##

hostname = frylock.local
uname -m = i386
uname -r = 8.6.1
uname -s = Darwin
uname -v = Darwin Kernel Version 8.6.1: Tue Mar  7 16:55:45 PST 2006; root:xnu-792.9.22.obj~1/RELEASE_I386

/usr/bin/uname -p = i386
/bin/uname -X     = unknown

/bin/arch              = unknown
/usr/bin/arch -k       = unknown
/usr/convex/getsysinfo = unknown
hostinfo               = Mach kernel version:
	 Darwin Kernel Version 8.6.1: Tue Mar  7 16:55:45 PST 2006; root:xnu-792.9.22.obj~1/RELEASE_I386
Kernel configured for up to 2 processors.
2 processors are physically available.
2 processors are logically available.
Processor type: i486 (Intel 80486)
Processors active: 0 1
Primary memory available: 512.00 megabytes
Default processor set: 53 tasks, 171 threads, 2 processors
Load average: 0.75, Mach factor: 1.24
/bin/machine           = unknown
/usr/bin/oslevel       = unknown
/bin/universe          = unknown

PATH: /usr/local/bin
PATH: /Users/mike/bin
PATH: /bin
PATH: /sbin
PATH: /usr/bin
PATH: /usr/sbin


## ----------- ##
## Core tests. ##
## ----------- ##

configure:1479: checking for a BSD-compatible install
configure:1533: result: /usr/bin/install -c
configure:1544: checking whether build environment is sane
configure:1587: result: yes
configure:1620: checking for gawk
configure:1649: result: no
configure:1620: checking for mawk
configure:1649: result: no
configure:1620: checking for nawk
configure:1649: result: no
configure:1620: checking for awk
configure:1636: found /usr/bin/awk
configure:1646: result: awk
configure:1656: checking whether make sets $(MAKE)
configure:1676: result: yes
configure:1821: checking whether to enable maintainer-specific portions of Makefiles
configure:1830: result: no
configure:1900: checking for gcc
configure:1916: found /usr/bin/gcc
configure:1926: result: gcc
configure:2170: checking for C compiler version
configure:2173: gcc --version </dev/null >&5
i686-apple-darwin8-gcc-4.0.1 (GCC) 4.0.1 (Apple Computer, Inc. build 5341)
Copyright (C) 2005 Free Software Foundation, Inc.
This is free software; see the source for copying conditions.  There is NO
warranty; not even for MERCHANTABILITY or FITNESS FOR A PARTICULAR PURPOSE.

configure:2176: $? = 0
configure:2178: gcc -v </dev/null >&5
Using built-in specs.
Target: i686-apple-darwin8
Configured with: /private/var/tmp/gcc/gcc-5341.obj~1/src/configure --disable-checking -enable-werror --prefix=/usr --mandir=/share/man --enable-languages=c,objc,c++,obj-c++ --program-transform-name=/^[cg][^.-]*$/s/$/-4.0/ --with-gxx-include-dir=/include/c++/4.0.0 --with-slibdir=/usr/lib --build=powerpc-apple-darwin8 --with-arch=pentium-m --with-tune=prescott --program-prefix= --host=i686-apple-darwin8 --target=i686-apple-darwin8
Thread model: posix
gcc version 4.0.1 (Apple Computer, Inc. build 5341)
configure:2181: $? = 0
configure:2183: gcc -V </dev/null >&5
gcc: argument to `-V' is missing
configure:2186: $? = 1
configure:2210: checking for C compiler default output
configure:2213: gcc    conftest.c  >&5
configure:2216: $? = 0
configure:2262: result: a.out
configure:2267: checking whether the C compiler works
configure:2273: ./a.out
configure:2276: $? = 0
configure:2293: result: yes
configure:2300: checking whether we are cross compiling
configure:2302: result: no
configure:2305: checking for suffix of executables
configure:2307: gcc -o conftest    conftest.c  >&5
configure:2310: $? = 0
configure:2335: result: 
configure:2341: checking for suffix of object files
configure:2363: gcc -c   conftest.c >&5
configure:2366: $? = 0
configure:2388: result: o
configure:2392: checking whether we are using the GNU C compiler
configure:2417: gcc -c   conftest.c >&5
configure:2420: $? = 0
configure:2423: test -s conftest.o
configure:2426: $? = 0
configure:2439: result: yes
configure:2445: checking whether gcc accepts -g
configure:2467: gcc -c -g  conftest.c >&5
configure:2470: $? = 0
configure:2473: test -s conftest.o
configure:2476: $? = 0
configure:2487: result: yes
configure:2504: checking for gcc option to accept ANSI C
configure:2565: gcc  -c -g -O2  conftest.c >&5
configure:2568: $? = 0
configure:2571: test -s conftest.o
configure:2574: $? = 0
configure:2592: result: none needed
configure:2610: gcc -c -g -O2  conftest.c >&5
conftest.c:2: error: parse error before 'me'
configure:2613: $? = 1
configure: failed program was:
| #ifndef __cplusplus
|   choke me
| #endif
configure:2741: checking for style of include used by make
configure:2769: result: GNU
configure:2797: checking dependency style of gcc
configure:2859: result: gcc3
configure:2936: checking build system type
configure:2954: result: i386-apple-darwin8.6.1
configure:2962: checking host system type
configure:2976: result: i386-apple-darwin8.6.1
configure:3006: checking for ld used by GCC
configure:3069: result: /usr/bin/ld
configure:3078: checking if the linker (/usr/bin/ld) is GNU ld
configure:3090: result: no
configure:3095: checking for /usr/bin/ld option to reload object files
configure:3102: result: -r
configure:3107: checking for BSD-compatible nm
configure:3143: result: /usr/bin/nm -p
configure:3146: checking for a sed that does not truncate output
configure:3228: result: /usr/bin/sed
configure:3231: checking whether ln -s works
configure:3235: result: yes
configure:3242: checking how to recognise dependent libraries
configure:3423: result: file_magic Mach-O dynamically linked shared library
configure:3436: checking command to parse /usr/bin/nm -p output
configure:3520: gcc -c -g -O2  conftest.c >&5
configure:3523: $? = 0
configure:3527: /usr/bin/nm -p conftest.o \| sed -n -e 's/^.*[ 	]\([BCDEGRST][BCDEGRST]*\)[ 	][ 	]*\(\)\([_A-Za-z][_A-Za-z0-9]*\)$/\1 \2\3 \3/p' \> conftest.nm
configure:3530: $? = 0
cannot find nm_test_var in conftest.nm
configure:3520: gcc -c -g -O2  conftest.c >&5
configure:3523: $? = 0
configure:3527: /usr/bin/nm -p conftest.o \| sed -n -e 's/^.*[ 	]\([BCDEGRST][BCDEGRST]*\)[ 	][ 	]*\(_\)\([_A-Za-z][_A-Za-z0-9]*\)$/\1 \2\3 \3/p' \> conftest.nm
configure:3530: $? = 0
configure:3582: gcc -o conftest -g -O2   conftest.c conftstm.o >&5
configure:3585: $? = 0
configure:3629: result: ok
configure:3638: checking how to run the C preprocessor
configure:3674: gcc -E  conftest.c
configure:3680: $? = 0
configure:3712: gcc -E  conftest.c
configure:3713:28: error: ac_nonexistent.h: No such file or directory
configure:3718: $? = 1
configure: failed program was:
| #line 3703 "configure"
| /* confdefs.h.  */
| 
| #define PACKAGE_NAME ""
| #define PACKAGE_TARNAME ""
| #define PACKAGE_VERSION ""
| #define PACKAGE_STRING ""
| #define PACKAGE_BUGREPORT ""
| #define PACKAGE "libogg"
| #define VERSION "1.1"
| /* end confdefs.h.  */
| #include <ac_nonexistent.h>
configure:3756: result: gcc -E
configure:3781: gcc -E  conftest.c
configure:3787: $? = 0
configure:3819: gcc -E  conftest.c
configure:3820:28: error: ac_nonexistent.h: No such file or directory
configure:3825: $? = 1
configure: failed program was:
| #line 3810 "configure"
| /* confdefs.h.  */
| 
| #define PACKAGE_NAME ""
| #define PACKAGE_TARNAME ""
| #define PACKAGE_VERSION ""
| #define PACKAGE_STRING ""
| #define PACKAGE_BUGREPORT ""
| #define PACKAGE "libogg"
| #define VERSION "1.1"
| /* end confdefs.h.  */
| #include <ac_nonexistent.h>
configure:3868: checking for egrep
configure:3878: result: grep -E
configure:3883: checking for ANSI C header files
configure:3909: gcc -c -g -O2  conftest.c >&5
configure:3912: $? = 0
configure:3915: test -s conftest.o
configure:3918: $? = 0
configure:4007: gcc -o conftest -g -O2   conftest.c  >&5
configure: In function 'main':
configure:4005: warning: incompatible implicit declaration of built-in function 'exit'
configure:4010: $? = 0
configure:4012: ./conftest
configure:4015: $? = 0
configure:4030: result: yes
configure:4054: checking for sys/types.h
configure:4071: gcc -c -g -O2  conftest.c >&5
configure:4074: $? = 0
configure:4077: test -s conftest.o
configure:4080: $? = 0
configure:4091: result: yes
configure:4054: checking for sys/stat.h
configure:4071: gcc -c -g -O2  conftest.c >&5
configure:4074: $? = 0
configure:4077: test -s conftest.o
configure:4080: $? = 0
configure:4091: result: yes
configure:4054: checking for stdlib.h
configure:4071: gcc -c -g -O2  conftest.c >&5
configure:4074: $? = 0
configure:4077: test -s conftest.o
configure:4080: $? = 0
configure:4091: result: yes
configure:4054: checking for string.h
configure:4071: gcc -c -g -O2  conftest.c >&5
configure:4074: $? = 0
configure:4077: test -s conftest.o
configure:4080: $? = 0
configure:4091: result: yes
configure:4054: checking for memory.h
configure:4071: gcc -c -g -O2  conftest.c >&5
configure:4074: $? = 0
configure:4077: test -s conftest.o
configure:4080: $? = 0
configure:4091: result: yes
configure:4054: checking for strings.h
configure:4071: gcc -c -g -O2  conftest.c >&5
configure:4074: $? = 0
configure:4077: test -s conftest.o
configure:4080: $? = 0
configure:4091: result: yes
configure:4054: checking for inttypes.h
configure:4071: gcc -c -g -O2  conftest.c >&5
configure:4074: $? = 0
configure:4077: test -s conftest.o
configure:4080: $? = 0
configure:4091: result: yes
configure:4054: checking for stdint.h
configure:4071: gcc -c -g -O2  conftest.c >&5
configure:4074: $? = 0
configure:4077: test -s conftest.o
configure:4080: $? = 0
configure:4091: result: yes
configure:4054: checking for unistd.h
configure:4071: gcc -c -g -O2  conftest.c >&5
configure:4074: $? = 0
configure:4077: test -s conftest.o
configure:4080: $? = 0
configure:4091: result: yes
configure:4117: checking dlfcn.h usability
configure:4130: gcc -c -g -O2  conftest.c >&5
configure:4133: $? = 0
configure:4136: test -s conftest.o
configure:4139: $? = 0
configure:4149: result: yes
configure:4153: checking dlfcn.h presence
configure:4164: gcc -E  conftest.c
configure:4170: $? = 0
configure:4189: result: yes
configure:4225: checking for dlfcn.h
configure:4232: result: yes
configure:4430: checking for ranlib
configure:4446: found /usr/bin/ranlib
configure:4457: result: ranlib
configure:4510: checking for strip
configure:4526: found /usr/bin/strip
configure:4537: result: strip
configure:4765: checking for objdir
configure:4776: result: .libs
configure:4793: checking for gcc option to produce PIC
configure:4939: result: -fno-common
configure:4943: checking if gcc PIC flag -fno-common works
configure:4967: gcc -c -g -O2 -fno-common -DPIC  conftest.c >&5
configure:4970: $? = 0
configure:4973: test -s conftest.o
configure:4976: $? = 0
configure:5014: result: yes
configure:5030: checking if gcc static flag -static works
configure:5055: gcc -o conftest -g -O2   -static conftest.c  >&5
/usr/bin/ld: can't locate file for: -lcrt0.o
collect2: ld returned 1 exit status
configure:5058: $? = 1
configure: failed program was:
| #line 5038 "configure"
| /* confdefs.h.  */
| 
| #define PACKAGE_NAME ""
| #define PACKAGE_TARNAME ""
| #define PACKAGE_VERSION ""
| #define PACKAGE_STRING ""
| #define PACKAGE_BUGREPORT ""
| #define PACKAGE "libogg"
| #define VERSION "1.1"
| #define STDC_HEADERS 1
| #define HAVE_SYS_TYPES_H 1
| #define HAVE_SYS_STAT_H 1
| #define HAVE_STDLIB_H 1
| #define HAVE_STRING_H 1
| #define HAVE_MEMORY_H 1
| #define HAVE_STRINGS_H 1
| #define HAVE_INTTYPES_H 1
| #define HAVE_STDINT_H 1
| #define HAVE_UNISTD_H 1
| #define HAVE_DLFCN_H 1
| /* end confdefs.h.  */
| 
| int
| main ()
| {
| 
|   ;
|   return 0;
| }
configure:5080: result: no
configure:5092: checking if gcc supports -c -o file.o
configure:5115: gcc -c -g -O2 -o out/conftest2.o  conftest.c >&5
configure:5136: result: yes
configure:5141: checking if gcc supports -c -o file.lo
configure:5169: gcc -c -g -O2 -c -o conftest.lo  conftest.c >&5
configure:5172: $? = 0
configure:5175: test -s conftest.lo
configure:5178: $? = 0
configure:5200: result: yes
configure:5231: checking if gcc supports -fno-rtti -fno-exceptions
configure:5254: gcc -c -g -O2 -fno-rtti -fno-exceptions -c conftest.c  conftest.c >&5
cc1: warning: command line option "-fno-rtti" is valid for C++/ObjC++ but not for C
cc1: warning: command line option "-fno-rtti" is valid for C++/ObjC++ but not for C
configure:5257: $? = 0
configure:5260: test -s conftest.o
configure:5263: $? = 0
configure:5280: result: yes
configure:5291: checking whether the linker (/usr/bin/ld) supports shared libraries
configure:5986: result: yes
configure:5991: checking how to hardcode library paths into programs
configure:6015: result: unsupported
configure:6020: checking whether stripping libraries is possible
configure:6028: result: no
configure:6036: checking dynamic linker characteristics
configure:6474: result: darwin8.6.1 dyld
configure:6479: checking if libtool supports shared libraries
configure:6481: result: yes
configure:6484: checking whether to build shared libraries
configure:6505: result: yes
configure:6508: checking whether to build static libraries
configure:6512: result: yes
configure:7186: checking whether -lc should be explicitly linked in
configure:7194: gcc -c -g -O2  conftest.c >&5
configure:7197: $? = 0
configure:7211: gcc -r -keep_private_externs -nostdlib -o conftest-master.o conftest.o && gcc -dynamiclib  -o conftest conftest-master.o -v -install_name /conftest 2\>\&1 \| grep  -lc  \>/dev/null 2\>\&1
configure:7214: $? = 1
configure:7227: result: yes
configure:7853: checking for ANSI C header files
configure:8000: result: yes
configure:8011: checking for an ANSI C-conforming const
configure:8079: gcc -c -fno-common -O4 -Wall -fsigned-char -ffast-math -g -O2  conftest.c >&5
configure: In function 'main':
configure:8065: warning: unused variable 's'
configure:8085: warning: unused variable 'foo'
configure:8052: warning: unused variable 'zero'
configure:8046: warning: unused variable 'x'
configure:8067: warning: 't' is used uninitialized in this function
configure:8082: warning: 'b' is used uninitialized in this function
configure:8082: $? = 0
configure:8085: test -s conftest.o
configure:8088: $? = 0
configure:8099: result: yes
configure:8111: checking for int16_t
configure:8137: gcc -o conftest -fno-common -O4 -Wall -fsigned-char -ffast-math -g -O2    conftest.c  >&5
configure:8140: $? = 0
configure:8142: ./conftest
configure:8145: $? = 0
configure:8160: result: yes
configure:8163: checking for int32_t
configure:8189: gcc -o conftest -fno-common -O4 -Wall -fsigned-char -ffast-math -g -O2    conftest.c  >&5
configure:8192: $? = 0
configure:8194: ./conftest
configure:8197: $? = 0
configure:8212: result: yes
configure:8215: checking for uint32_t
configure:8241: gcc -o conftest -fno-common -O4 -Wall -fsigned-char -ffast-math -g -O2    conftest.c  >&5
configure:8244: $? = 0
configure:8246: ./conftest
configure:8249: $? = 0
configure:8264: result: yes
configure:8267: checking for uint16_t
configure:8293: gcc -o conftest -fno-common -O4 -Wall -fsigned-char -ffast-math -g -O2    conftest.c  >&5
configure:8296: $? = 0
configure:8298: ./conftest
configure:8301: $? = 0
configure:8316: result: yes
configure:8319: checking for u_int32_t
configure:8345: gcc -o conftest -fno-common -O4 -Wall -fsigned-char -ffast-math -g -O2    conftest.c  >&5
configure:8348: $? = 0
configure:8350: ./conftest
configure:8353: $? = 0
configure:8368: result: yes
configure:8371: checking for u_int16_t
configure:8397: gcc -o conftest -fno-common -O4 -Wall -fsigned-char -ffast-math -g -O2    conftest.c  >&5
configure:8400: $? = 0
configure:8402: ./conftest
configure:8405: $? = 0
configure:8420: result: yes
configure:8423: checking for int64_t
configure:8449: gcc -o conftest -fno-common -O4 -Wall -fsigned-char -ffast-math -g -O2    conftest.c  >&5
configure:8452: $? = 0
configure:8454: ./conftest
configure:8457: $? = 0
configure:8472: result: yes
configure:8475: checking for short
configure:8500: gcc -c -fno-common -O4 -Wall -fsigned-char -ffast-math -g -O2  conftest.c >&5
configure:8503: $? = 0
configure:8506: test -s conftest.o
configure:8509: $? = 0
configure:8520: result: yes
configure:8523: checking size of short
configure:8798: gcc -o conftest -fno-common -O4 -Wall -fsigned-char -ffast-math -g -O2    conftest.c  >&5
configure:8801: $? = 0
configure:8803: ./conftest
configure:8806: $? = 0
configure:8829: result: 2
configure:8836: checking for int
configure:8861: gcc -c -fno-common -O4 -Wall -fsigned-char -ffast-math -g -O2  conftest.c >&5
configure:8864: $? = 0
configure:8867: test -s conftest.o
configure:8870: $? = 0
configure:8881: result: yes
configure:8884: checking size of int
configure:9159: gcc -o conftest -fno-common -O4 -Wall -fsigned-char -ffast-math -g -O2    conftest.c  >&5
configure:9162: $? = 0
configure:9164: ./conftest
configure:9167: $? = 0
configure:9190: result: 4
configure:9197: checking for long
configure:9222: gcc -c -fno-common -O4 -Wall -fsigned-char -ffast-math -g -O2  conftest.c >&5
configure:9225: $? = 0
configure:9228: test -s conftest.o
configure:9231: $? = 0
configure:9242: result: yes
configure:9245: checking size of long
configure:9520: gcc -o conftest -fno-common -O4 -Wall -fsigned-char -ffast-math -g -O2    conftest.c  >&5
configure:9523: $? = 0
configure:9525: ./conftest
configure:9528: $? = 0
configure:9551: result: 4
configure:9558: checking for long long
configure:9583: gcc -c -fno-common -O4 -Wall -fsigned-char -ffast-math -g -O2  conftest.c >&5
configure:9586: $? = 0
configure:9589: test -s conftest.o
configure:9592: $? = 0
configure:9603: result: yes
configure:9606: checking size of long long
configure:9881: gcc -o conftest -fno-common -O4 -Wall -fsigned-char -ffast-math -g -O2    conftest.c  >&5
configure:9884: $? = 0
configure:9886: ./conftest
configure:9889: $? = 0
configure:9912: result: 8
configure:10003: checking for working memcmp
configure:10052: gcc -o conftest -fno-common -O4 -Wall -fsigned-char -ffast-math -g -O2    conftest.c  >&5
configure: In function 'main':
configure:10044: warning: implicit declaration of function 'memcmp'
configure:10045: warning: implicit declaration of function 'exit'
configure:10045: warning: incompatible implicit declaration of built-in function 'exit'
configure:10058: warning: implicit declaration of function 'strcpy'
configure:10058: warning: incompatible implicit declaration of built-in function 'strcpy'
configure:10055: $? = 0
configure:10057: ./conftest
configure:10060: $? = 0
configure:10074: result: yes
configure:10233: creating ./config.status

## ---------------------- ##
## Running config.status. ##
## ---------------------- ##

This file was extended by config.status, which was
generated by GNU Autoconf 2.57.  Invocation command line was

  CONFIG_FILES    = 
  CONFIG_HEADERS  = 
  CONFIG_LINKS    = 
  CONFIG_COMMANDS = 
  $ ./config.status 

on frylock.local

config.status:677: creating Makefile
config.status:677: creating src/Makefile
config.status:677: creating doc/Makefile
config.status:677: creating doc/ogg/Makefile
config.status:677: creating include/Makefile
config.status:677: creating include/ogg/Makefile
config.status:677: creating include/ogg/config_types.h
config.status:677: creating win32/Makefile
config.status:677: creating debian/Makefile
config.status:677: creating ogg.pc
config.status:802: executing depfiles commands

## ---------------- ##
## Cache variables. ##
## ---------------- ##

ac_cv_build=i386-apple-darwin8.6.1
ac_cv_build_alias=i386-apple-darwin8.6.1
ac_cv_c_compiler_gnu=yes
ac_cv_c_const=yes
ac_cv_env_CC_set=
ac_cv_env_CC_value=
ac_cv_env_CFLAGS_set=
ac_cv_env_CFLAGS_value=
ac_cv_env_CPPFLAGS_set=
ac_cv_env_CPPFLAGS_value=
ac_cv_env_CPP_set=
ac_cv_env_CPP_value=
ac_cv_env_LDFLAGS_set=
ac_cv_env_LDFLAGS_value=
ac_cv_env_build_alias_set=
ac_cv_env_build_alias_value=
ac_cv_env_host_alias_set=
ac_cv_env_host_alias_value=
ac_cv_env_target_alias_set=
ac_cv_env_target_alias_value=
ac_cv_exeext=
ac_cv_func_memcmp_working=yes
ac_cv_header_dlfcn_h=yes
ac_cv_header_inttypes_h=yes
ac_cv_header_memory_h=yes
ac_cv_header_stdc=yes
ac_cv_header_stdint_h=yes
ac_cv_header_stdlib_h=yes
ac_cv_header_string_h=yes
ac_cv_header_strings_h=yes
ac_cv_header_sys_stat_h=yes
ac_cv_header_sys_types_h=yes
ac_cv_header_unistd_h=yes
ac_cv_host=i386-apple-darwin8.6.1
ac_cv_host_alias=i386-apple-darwin8.6.1
ac_cv_objext=o
ac_cv_path_install='/usr/bin/install -c'
ac_cv_prog_AWK=awk
ac_cv_prog_CPP='gcc -E'
ac_cv_prog_ac_ct_CC=gcc
ac_cv_prog_ac_ct_RANLIB=ranlib
ac_cv_prog_ac_ct_STRIP=strip
ac_cv_prog_cc_g=yes
ac_cv_prog_cc_stdc=
ac_cv_prog_egrep='grep -E'
ac_cv_prog_make_make_set=yes
ac_cv_sizeof_int=4
ac_cv_sizeof_long=4
ac_cv_sizeof_long_long=8
ac_cv_sizeof_short=2
ac_cv_type_int=yes
ac_cv_type_long=yes
ac_cv_type_long_long=yes
ac_cv_type_short=yes
am_cv_CC_dependencies_compiler_type=gcc3
lt_cv_archive_cmds_need_lc=yes
lt_cv_compiler_c_o=yes
lt_cv_compiler_o_lo=yes
lt_cv_deplibs_check_method='file_magic Mach-O dynamically linked shared library'
lt_cv_file_magic_cmd='/usr/bin/file -L'
lt_cv_file_magic_test_file=/usr/lib/libSystem.dylib
lt_cv_global_symbol_to_c_name_address='sed -n -e '\''s/^: \([^ ]*\) $/  {\"\1\", (lt_ptr) 0},/p'\'' -e '\''s/^[BCDEGRST] \([^ ]*\) \([^ ]*\)$/  {"\2", (lt_ptr) \&\2},/p'\'''
lt_cv_global_symbol_to_cdecl='sed -n -e '\''s/^. .* \(.*\)$/extern char \1;/p'\'''
lt_cv_ld_reload_flag=-r
lt_cv_path_LD=/usr/bin/ld
lt_cv_path_NM='/usr/bin/nm -p'
lt_cv_path_SED=/usr/bin/sed
lt_cv_prog_cc_can_build_shared=yes
lt_cv_prog_cc_no_builtin=
lt_cv_prog_cc_pic=' -fno-common'
lt_cv_prog_cc_pic_works=yes
lt_cv_prog_cc_shlib=
lt_cv_prog_cc_static=
lt_cv_prog_cc_static_works=no
lt_cv_prog_cc_wl=-Wl,
lt_cv_prog_gnu_ld=no
lt_cv_sys_global_symbol_pipe='sed -n -e '\''s/^.*[ 	]\([BCDEGRST][BCDEGRST]*\)[ 	][ 	]*\(_\)\([_A-Za-z][_A-Za-z0-9]*\)$/\1 \2\3 \3/p'\'''

## ----------------- ##
## Output variables. ##
## ----------------- ##

ACLOCAL='${SHELL} /OggFrog/libogg/missing --run aclocal-1.6'
AMDEPBACKSLASH='\'
AMDEP_FALSE='#'
AMDEP_TRUE=''
AMTAR='${SHELL} /OggFrog/libogg/missing --run tar'
AUTOCONF='${SHELL} /OggFrog/libogg/missing --run autoconf'
AUTOHEADER='${SHELL} /OggFrog/libogg/missing --run autoheader'
AUTOMAKE='${SHELL} /OggFrog/libogg/missing --run automake-1.6'
AWK='awk'
CC='gcc'
CCDEPMODE='depmode=gcc3'
CFLAGS='-fno-common -O4 -Wall -fsigned-char -ffast-math -g -O2'
CPP='gcc -E'
CPPFLAGS=''
DEBUG='-fno-common -g -Wall -fsigned-char -g -O2'
DEFS='-DPACKAGE_NAME=\"\" -DPACKAGE_TARNAME=\"\" -DPACKAGE_VERSION=\"\" -DPACKAGE_STRING=\"\" -DPACKAGE_BUGREPORT=\"\" -DPACKAGE=\"libogg\" -DVERSION=\"1.1\" -DSTDC_HEADERS=1 -DHAVE_SYS_TYPES_H=1 -DHAVE_SYS_STAT_H=1 -DHAVE_STDLIB_H=1 -DHAVE_STRING_H=1 -DHAVE_MEMORY_H=1 -DHAVE_STRINGS_H=1 -DHAVE_INTTYPES_H=1 -DHAVE_STDINT_H=1 -DHAVE_UNISTD_H=1 -DHAVE_DLFCN_H=1 -DSTDC_HEADERS=1 -DSIZEOF_SHORT=2 -DSIZEOF_INT=4 -DSIZEOF_LONG=4 -DSIZEOF_LONG_LONG=8 '
DEPDIR='.deps'
ECHO='echo'
ECHO_C=''
ECHO_N='-n'
ECHO_T=''
EGREP='grep -E'
EXEEXT=''
INSTALL_DATA='${INSTALL} -m 644'
INSTALL_PROGRAM='${INSTALL}'
INSTALL_SCRIPT='${INSTALL}'
INSTALL_STRIP_PROGRAM='${SHELL} $(install_sh) -c -s'
LDFLAGS=' '
LIBOBJS=''
LIBS=''
LIBTOOL='$(SHELL) $(top_builddir)/libtool'
LIBTOOL_DEPS='./ltmain.sh'
LIB_AGE='5'
LIB_CURRENT='5'
LIB_REVISION='0'
LN_S='ln -s'
LTLIBOBJS=''
MAINT='#'
MAINTAINER_MODE_FALSE=''
MAINTAINER_MODE_TRUE='#'
MAKEINFO='${SHELL} /OggFrog/libogg/missing --run makeinfo'
OBJEXT='o'
OPT=''
PACKAGE='libogg'
PACKAGE_BUGREPORT=''
PACKAGE_NAME=''
PACKAGE_STRING=''
PACKAGE_TARNAME=''
PACKAGE_VERSION=''
PATH_SEPARATOR=':'
PROFILE='-fno-common -O4 -Wall -pg -g -fsigned-char -ffast-math -g -O2'
RANLIB='ranlib'
SET_MAKE=''
SHELL='/bin/sh'
SIZE16='int16_t'
SIZE32='int32_t'
SIZE64='int64_t'
STRIP='strip'
USIZE16='uint16_t'
USIZE32='uint32_t'
VERSION='1.1'
ac_ct_CC='gcc'
ac_ct_RANLIB='ranlib'
ac_ct_STRIP='strip'
am__include='include'
am__quote=''
bindir='${exec_prefix}/bin'
build='i386-apple-darwin8.6.1'
build_alias=''
build_cpu='i386'
build_os='darwin8.6.1'
build_vendor='apple'
datadir='${prefix}/share'
exec_prefix='${prefix}'
host='i386-apple-darwin8.6.1'
host_alias=''
host_cpu='i386'
host_os='darwin8.6.1'
host_vendor='apple'
includedir='${prefix}/include'
infodir='${prefix}/info'
install_sh='/OggFrog/libogg/install-sh'
libdir='${exec_prefix}/lib'
libexecdir='${exec_prefix}/libexec'
localstatedir='${prefix}/var'
mandir='${prefix}/man'
oldincludedir='/usr/include'
prefix='/usr/local'
program_transform_name='s,x,x,'
sbindir='${exec_prefix}/sbin'
sharedstatedir='${prefix}/com'
sysconfdir='${prefix}/etc'
target_alias=''

## ----------- ##
## confdefs.h. ##
## ----------- ##

#define HAVE_DLFCN_H 1
#define HAVE_INTTYPES_H 1
#define HAVE_MEMORY_H 1
#define HAVE_STDINT_H 1
#define HAVE_STDLIB_H 1
#define HAVE_STRINGS_H 1
#define HAVE_STRING_H 1
#define HAVE_SYS_STAT_H 1
#define HAVE_SYS_TYPES_H 1
#define HAVE_UNISTD_H 1
#define PACKAGE "libogg"
#define PACKAGE_BUGREPORT ""
#define PACKAGE_NAME ""
#define PACKAGE_STRING ""
#define PACKAGE_TARNAME ""
#define PACKAGE_VERSION ""
#define SIZEOF_INT 4
#define SIZEOF_LONG 4
#define SIZEOF_LONG_LONG 8
#define SIZEOF_SHORT 2
#define STDC_HEADERS 1
#define STDC_HEADERS 1
#define VERSION "1.1"

configure: exit 0
