This file contains any messages produced by compilers while
running configure, to aid debugging if configure makes a mistake.

It was created by configure, which was
generated by GNU Autoconf 2.58.  Invocation command line was

  $ ./configure 

## --------- ##
## Platform. ##
## --------- ##

hostname = frylock.local
uname -m = i386
uname -r = 8.6.1
uname -s = Darwin
uname -v = Darwin Kernel Version 8.6.1: Tue Mar  7 16:55:45 PST 2006; root:xnu-792.9.22.obj~1/RELEASE_I386

/usr/bin/uname -p = i386
/bin/uname -X     = unknown

/bin/arch              = unknown
/usr/bin/arch -k       = unknown
/usr/convex/getsysinfo = unknown
hostinfo               = Mach kernel version:
	 Darwin Kernel Version 8.6.1: Tue Mar  7 16:55:45 PST 2006; root:xnu-792.9.22.obj~1/RELEASE_I386
Kernel configured for up to 2 processors.
2 processors are physically available.
2 processors are logically available.
Processor type: i486 (Intel 80486)
Processors active: 0 1
Primary memory available: 512.00 megabytes
Default processor set: 53 tasks, 172 threads, 2 processors
Load average: 0.80, Mach factor: 1.43
/bin/machine           = unknown
/usr/bin/oslevel       = unknown
/bin/universe          = unknown

PATH: /usr/local/bin
PATH: /Users/mike/bin
PATH: /bin
PATH: /sbin
PATH: /usr/bin
PATH: /usr/sbin


## ----------- ##
## Core tests. ##
## ----------- ##

configure:1541: checking for a BSD-compatible install
configure:1596: result: /usr/bin/install -c
configure:1607: checking whether build environment is sane
configure:1650: result: yes
configure:1665: checking whether make sets $(MAKE)
configure:1685: result: yes
configure:1717: checking for working aclocal-1.4
configure:1728: result: missing
configure:1732: checking for working autoconf
configure:1739: result: found
configure:1747: checking for working automake-1.4
configure:1758: result: missing
configure:1762: checking for working autoheader
configure:1769: result: found
configure:1777: checking for working makeinfo
configure:1784: result: found
configure:1793: checking whether to enable maintainer-specific portions of Makefiles
configure:1802: result: no
configure:1885: checking for gcc
configure:1901: found /usr/bin/gcc
configure:1911: result: gcc
configure:2155: checking for C compiler version
configure:2158: gcc --version </dev/null >&5
i686-apple-darwin8-gcc-4.0.1 (GCC) 4.0.1 (Apple Computer, Inc. build 5341)
Copyright (C) 2005 Free Software Foundation, Inc.
This is free software; see the source for copying conditions.  There is NO
warranty; not even for MERCHANTABILITY or FITNESS FOR A PARTICULAR PURPOSE.

configure:2161: $? = 0
configure:2163: gcc -v </dev/null >&5
Using built-in specs.
Target: i686-apple-darwin8
Configured with: /private/var/tmp/gcc/gcc-5341.obj~1/src/configure --disable-checking -enable-werror --prefix=/usr --mandir=/share/man --enable-languages=c,objc,c++,obj-c++ --program-transform-name=/^[cg][^.-]*$/s/$/-4.0/ --with-gxx-include-dir=/include/c++/4.0.0 --with-slibdir=/usr/lib --build=powerpc-apple-darwin8 --with-arch=pentium-m --with-tune=prescott --program-prefix= --host=i686-apple-darwin8 --target=i686-apple-darwin8
Thread model: posix
gcc version 4.0.1 (Apple Computer, Inc. build 5341)
configure:2166: $? = 0
configure:2168: gcc -V </dev/null >&5
gcc: argument to `-V' is missing
configure:2171: $? = 1
configure:2194: checking for C compiler default output file name
configure:2197: gcc    conftest.c  >&5
configure:2200: $? = 0
configure:2246: result: a.out
configure:2251: checking whether the C compiler works
configure:2257: ./a.out
configure:2260: $? = 0
configure:2277: result: yes
configure:2284: checking whether we are cross compiling
configure:2286: result: no
configure:2289: checking for suffix of executables
configure:2291: gcc -o conftest    conftest.c  >&5
configure:2294: $? = 0
configure:2319: result: 
configure:2325: checking for suffix of object files
configure:2346: gcc -c   conftest.c >&5
configure:2349: $? = 0
configure:2371: result: o
configure:2375: checking whether we are using the GNU C compiler
configure:2399: gcc -c   conftest.c >&5
configure:2405: $? = 0
configure:2409: test -z 
			 || test ! -s conftest.err
configure:2412: $? = 0
configure:2415: test -s conftest.o
configure:2418: $? = 0
configure:2431: result: yes
configure:2437: checking whether gcc accepts -g
configure:2458: gcc -c -g  conftest.c >&5
configure:2464: $? = 0
configure:2468: test -z 
			 || test ! -s conftest.err
configure:2471: $? = 0
configure:2474: test -s conftest.o
configure:2477: $? = 0
configure:2488: result: yes
configure:2505: checking for gcc option to accept ANSI C
configure:2575: gcc  -c -g -O2  conftest.c >&5
configure:2581: $? = 0
configure:2585: test -z 
			 || test ! -s conftest.err
configure:2588: $? = 0
configure:2591: test -s conftest.o
configure:2594: $? = 0
configure:2612: result: none needed
configure:2630: gcc -c -g -O2  conftest.c >&5
conftest.c:2: error: parse error before 'me'
configure:2636: $? = 1
configure: failed program was:
| #ifndef __cplusplus
|   choke me
| #endif
configure:2774: checking how to run the C preprocessor
configure:2809: gcc -E  conftest.c
configure:2815: $? = 0
configure:2847: gcc -E  conftest.c
conftest.c:11:28: error: ac_nonexistent.h: No such file or directory
configure:2853: $? = 1
configure: failed program was:
| /* confdefs.h.  */
| 
| #define PACKAGE_NAME ""
| #define PACKAGE_TARNAME ""
| #define PACKAGE_VERSION ""
| #define PACKAGE_STRING ""
| #define PACKAGE_BUGREPORT ""
| #define PACKAGE "libvorbis"
| #define VERSION "1.0.1"
| /* end confdefs.h.  */
| #include <ac_nonexistent.h>
configure:2892: result: gcc -E
configure:2916: gcc -E  conftest.c
configure:2922: $? = 0
configure:2954: gcc -E  conftest.c
conftest.c:11:28: error: ac_nonexistent.h: No such file or directory
configure:2960: $? = 1
configure: failed program was:
| /* confdefs.h.  */
| 
| #define PACKAGE_NAME ""
| #define PACKAGE_TARNAME ""
| #define PACKAGE_VERSION ""
| #define PACKAGE_STRING ""
| #define PACKAGE_BUGREPORT ""
| #define PACKAGE "libvorbis"
| #define VERSION "1.0.1"
| /* end confdefs.h.  */
| #include <ac_nonexistent.h>
configure:3083: checking build system type
configure:3101: result: i686-apple-darwin8.6.1
configure:3109: checking host system type
configure:3123: result: i686-apple-darwin8.6.1
configure:3131: checking for a sed that does not truncate output
configure:3185: result: /usr/bin/sed
configure:3188: checking for egrep
configure:3198: result: grep -E
configure:3214: checking for ld used by gcc
configure:3281: result: /usr/bin/ld
configure:3290: checking if the linker (/usr/bin/ld) is GNU ld
configure:3305: result: no
configure:3310: checking for /usr/bin/ld option to reload object files
configure:3317: result: -r
configure:3326: checking for BSD-compatible nm
configure:3368: result: /usr/bin/nm -p
configure:3372: checking whether ln -s works
configure:3376: result: yes
configure:3383: checking how to recognise dependent libraries
configure:3550: result: pass_all
configure:3760: checking for ANSI C header files
configure:3785: gcc -c   conftest.c >&5
configure:3791: $? = 0
configure:3795: test -z 
			 || test ! -s conftest.err
configure:3798: $? = 0
configure:3801: test -s conftest.o
configure:3804: $? = 0
configure:3890: gcc -o conftest    conftest.c  >&5
conftest.c: In function 'main':
conftest.c:28: warning: incompatible implicit declaration of built-in function 'exit'
configure:3893: $? = 0
configure:3895: ./conftest
configure:3898: $? = 0
configure:3913: result: yes
configure:3937: checking for sys/types.h
configure:3953: gcc -c   conftest.c >&5
configure:3959: $? = 0
configure:3963: test -z 
			 || test ! -s conftest.err
configure:3966: $? = 0
configure:3969: test -s conftest.o
configure:3972: $? = 0
configure:3983: result: yes
configure:3937: checking for sys/stat.h
configure:3953: gcc -c   conftest.c >&5
configure:3959: $? = 0
configure:3963: test -z 
			 || test ! -s conftest.err
configure:3966: $? = 0
configure:3969: test -s conftest.o
configure:3972: $? = 0
configure:3983: result: yes
configure:3937: checking for stdlib.h
configure:3953: gcc -c   conftest.c >&5
configure:3959: $? = 0
configure:3963: test -z 
			 || test ! -s conftest.err
configure:3966: $? = 0
configure:3969: test -s conftest.o
configure:3972: $? = 0
configure:3983: result: yes
configure:3937: checking for string.h
configure:3953: gcc -c   conftest.c >&5
configure:3959: $? = 0
configure:3963: test -z 
			 || test ! -s conftest.err
configure:3966: $? = 0
configure:3969: test -s conftest.o
configure:3972: $? = 0
configure:3983: result: yes
configure:3937: checking for memory.h
configure:3953: gcc -c   conftest.c >&5
configure:3959: $? = 0
configure:3963: test -z 
			 || test ! -s conftest.err
configure:3966: $? = 0
configure:3969: test -s conftest.o
configure:3972: $? = 0
configure:3983: result: yes
configure:3937: checking for strings.h
configure:3953: gcc -c   conftest.c >&5
configure:3959: $? = 0
configure:3963: test -z 
			 || test ! -s conftest.err
configure:3966: $? = 0
configure:3969: test -s conftest.o
configure:3972: $? = 0
configure:3983: result: yes
configure:3937: checking for inttypes.h
configure:3953: gcc -c   conftest.c >&5
configure:3959: $? = 0
configure:3963: test -z 
			 || test ! -s conftest.err
configure:3966: $? = 0
configure:3969: test -s conftest.o
configure:3972: $? = 0
configure:3983: result: yes
configure:3937: checking for stdint.h
configure:3953: gcc -c   conftest.c >&5
configure:3959: $? = 0
configure:3963: test -z 
			 || test ! -s conftest.err
configure:3966: $? = 0
configure:3969: test -s conftest.o
configure:3972: $? = 0
configure:3983: result: yes
configure:3937: checking for unistd.h
configure:3953: gcc -c   conftest.c >&5
configure:3959: $? = 0
configure:3963: test -z 
			 || test ! -s conftest.err
configure:3966: $? = 0
configure:3969: test -s conftest.o
configure:3972: $? = 0
configure:3983: result: yes
configure:4009: checking dlfcn.h usability
configure:4021: gcc -c   conftest.c >&5
configure:4027: $? = 0
configure:4031: test -z 
			 || test ! -s conftest.err
configure:4034: $? = 0
configure:4037: test -s conftest.o
configure:4040: $? = 0
configure:4050: result: yes
configure:4054: checking dlfcn.h presence
configure:4064: gcc -E  conftest.c
configure:4070: $? = 0
configure:4090: result: yes
configure:4125: checking for dlfcn.h
configure:4132: result: yes
configure:4197: checking for g++
configure:4213: found /usr/bin/g++
configure:4223: result: g++
configure:4239: checking for C++ compiler version
configure:4242: g++ --version </dev/null >&5
i686-apple-darwin8-g++-4.0.1 (GCC) 4.0.1 (Apple Computer, Inc. build 5341)
Copyright (C) 2005 Free Software Foundation, Inc.
This is free software; see the source for copying conditions.  There is NO
warranty; not even for MERCHANTABILITY or FITNESS FOR A PARTICULAR PURPOSE.

configure:4245: $? = 0
configure:4247: g++ -v </dev/null >&5
Using built-in specs.
Target: i686-apple-darwin8
Configured with: /private/var/tmp/gcc/gcc-5341.obj~1/src/configure --disable-checking -enable-werror --prefix=/usr --mandir=/share/man --enable-languages=c,objc,c++,obj-c++ --program-transform-name=/^[cg][^.-]*$/s/$/-4.0/ --with-gxx-include-dir=/include/c++/4.0.0 --with-slibdir=/usr/lib --build=powerpc-apple-darwin8 --with-arch=pentium-m --with-tune=prescott --program-prefix= --host=i686-apple-darwin8 --target=i686-apple-darwin8
Thread model: posix
gcc version 4.0.1 (Apple Computer, Inc. build 5341)
configure:4250: $? = 0
configure:4252: g++ -V </dev/null >&5
g++: argument to `-V' is missing
configure:4255: $? = 1
configure:4258: checking whether we are using the GNU C++ compiler
configure:4282: g++ -c   conftest.cc >&5
configure:4288: $? = 0
configure:4292: test -z 
			 || test ! -s conftest.err
configure:4295: $? = 0
configure:4298: test -s conftest.o
configure:4301: $? = 0
configure:4314: result: yes
configure:4320: checking whether g++ accepts -g
configure:4341: g++ -c -g  conftest.cc >&5
configure:4347: $? = 0
configure:4351: test -z 
			 || test ! -s conftest.err
configure:4354: $? = 0
configure:4357: test -s conftest.o
configure:4360: $? = 0
configure:4371: result: yes
configure:4413: g++ -c -g -O2  conftest.cc >&5
configure:4419: $? = 0
configure:4423: test -z 
			 || test ! -s conftest.err
configure:4426: $? = 0
configure:4429: test -s conftest.o
configure:4432: $? = 0
configure:4458: g++ -c -g -O2  conftest.cc >&5
conftest.cc: In function 'int main()':
conftest.cc:26: error: 'exit' was not declared in this scope
configure:4464: $? = 1
configure: failed program was:
| /* confdefs.h.  */
| 
| #define PACKAGE_NAME ""
| #define PACKAGE_TARNAME ""
| #define PACKAGE_VERSION ""
| #define PACKAGE_STRING ""
| #define PACKAGE_BUGREPORT ""
| #define PACKAGE "libvorbis"
| #define VERSION "1.0.1"
| #define STDC_HEADERS 1
| #define HAVE_SYS_TYPES_H 1
| #define HAVE_SYS_STAT_H 1
| #define HAVE_STDLIB_H 1
| #define HAVE_STRING_H 1
| #define HAVE_MEMORY_H 1
| #define HAVE_STRINGS_H 1
| #define HAVE_INTTYPES_H 1
| #define HAVE_STDINT_H 1
| #define HAVE_UNISTD_H 1
| #define HAVE_DLFCN_H 1
| /* end confdefs.h.  */
| 
| int
| main ()
| {
| exit (42);
|   ;
|   return 0;
| }
configure:4413: g++ -c -g -O2  conftest.cc >&5
/usr/include/stdlib.h:158: error: declaration of 'void std::exit(int)' throws different exceptions
conftest.cc:22: error: than previous declaration 'void std::exit(int) throw ()'
configure:4419: $? = 1
configure: failed program was:
| /* confdefs.h.  */
| 
| #define PACKAGE_NAME ""
| #define PACKAGE_TARNAME ""
| #define PACKAGE_VERSION ""
| #define PACKAGE_STRING ""
| #define PACKAGE_BUGREPORT ""
| #define PACKAGE "libvorbis"
| #define VERSION "1.0.1"
| #define STDC_HEADERS 1
| #define HAVE_SYS_TYPES_H 1
| #define HAVE_SYS_STAT_H 1
| #define HAVE_STDLIB_H 1
| #define HAVE_STRING_H 1
| #define HAVE_MEMORY_H 1
| #define HAVE_STRINGS_H 1
| #define HAVE_INTTYPES_H 1
| #define HAVE_STDINT_H 1
| #define HAVE_UNISTD_H 1
| #define HAVE_DLFCN_H 1
| /* end confdefs.h.  */
| extern "C" void std::exit (int) throw (); using std::exit;
| #include <stdlib.h>
| int
| main ()
| {
| exit (42);
|   ;
|   return 0;
| }
configure:4413: g++ -c -g -O2  conftest.cc >&5
configure:4419: $? = 0
configure:4423: test -z 
			 || test ! -s conftest.err
configure:4426: $? = 0
configure:4429: test -s conftest.o
configure:4432: $? = 0
configure:4458: g++ -c -g -O2  conftest.cc >&5
configure:4464: $? = 0
configure:4468: test -z 
			 || test ! -s conftest.err
configure:4471: $? = 0
configure:4474: test -s conftest.o
configure:4477: $? = 0
configure:4505: checking how to run the C++ preprocessor
configure:4536: g++ -E  conftest.cc
configure:4542: $? = 0
configure:4574: g++ -E  conftest.cc
conftest.cc:25:28: error: ac_nonexistent.h: No such file or directory
configure:4580: $? = 1
configure: failed program was:
| /* confdefs.h.  */
| 
| #define PACKAGE_NAME ""
| #define PACKAGE_TARNAME ""
| #define PACKAGE_VERSION ""
| #define PACKAGE_STRING ""
| #define PACKAGE_BUGREPORT ""
| #define PACKAGE "libvorbis"
| #define VERSION "1.0.1"
| #define STDC_HEADERS 1
| #define HAVE_SYS_TYPES_H 1
| #define HAVE_SYS_STAT_H 1
| #define HAVE_STDLIB_H 1
| #define HAVE_STRING_H 1
| #define HAVE_MEMORY_H 1
| #define HAVE_STRINGS_H 1
| #define HAVE_INTTYPES_H 1
| #define HAVE_STDINT_H 1
| #define HAVE_UNISTD_H 1
| #define HAVE_DLFCN_H 1
| #ifdef __cplusplus
| extern "C" void std::exit (int); using std::exit;
| #endif
| /* end confdefs.h.  */
| #include <ac_nonexistent.h>
configure:4619: result: g++ -E
configure:4643: g++ -E  conftest.cc
configure:4649: $? = 0
configure:4681: g++ -E  conftest.cc
conftest.cc:25:28: error: ac_nonexistent.h: No such file or directory
configure:4687: $? = 1
configure: failed program was:
| /* confdefs.h.  */
| 
| #define PACKAGE_NAME ""
| #define PACKAGE_TARNAME ""
| #define PACKAGE_VERSION ""
| #define PACKAGE_STRING ""
| #define PACKAGE_BUGREPORT ""
| #define PACKAGE "libvorbis"
| #define VERSION "1.0.1"
| #define STDC_HEADERS 1
| #define HAVE_SYS_TYPES_H 1
| #define HAVE_SYS_STAT_H 1
| #define HAVE_STDLIB_H 1
| #define HAVE_STRING_H 1
| #define HAVE_MEMORY_H 1
| #define HAVE_STRINGS_H 1
| #define HAVE_INTTYPES_H 1
| #define HAVE_STDINT_H 1
| #define HAVE_UNISTD_H 1
| #define HAVE_DLFCN_H 1
| #ifdef __cplusplus
| extern "C" void std::exit (int); using std::exit;
| #endif
| /* end confdefs.h.  */
| #include <ac_nonexistent.h>
configure:4782: checking for g77
configure:4811: result: no
configure:4782: checking for f77
configure:4811: result: no
configure:4782: checking for xlf
configure:4811: result: no
configure:4782: checking for frt
configure:4811: result: no
configure:4782: checking for pgf77
configure:4811: result: no
configure:4782: checking for fort77
configure:4811: result: no
configure:4782: checking for fl32
configure:4811: result: no
configure:4782: checking for af77
configure:4811: result: no
configure:4782: checking for f90
configure:4811: result: no
configure:4782: checking for xlf90
configure:4811: result: no
configure:4782: checking for pgf90
configure:4811: result: no
configure:4782: checking for epcf90
configure:4811: result: no
configure:4782: checking for f95
configure:4811: result: no
configure:4782: checking for fort
configure:4811: result: no
configure:4782: checking for xlf95
configure:4811: result: no
configure:4782: checking for ifc
configure:4811: result: no
configure:4782: checking for efc
configure:4811: result: no
configure:4782: checking for pgf95
configure:4811: result: no
configure:4782: checking for lf95
configure:4811: result: no
configure:4782: checking for gfortran
configure:4811: result: no
configure:4826: checking for Fortran 77 compiler version
configure:4826:  --version </dev/null >&5
./configure: line 1: --version: command not found
configure:4829: $? = 127
configure:4831:  -v </dev/null >&5
./configure: line 1: -v: command not found
configure:4834: $? = 127
configure:4836:  -V </dev/null >&5
./configure: line 1: -V: command not found
configure:4839: $? = 127
configure:4847: checking whether we are using the GNU Fortran 77 compiler
configure:4861:  -c  conftest.F >&5
./configure: line 1: -c: command not found
configure:4867: $? = 127
configure: failed program was:
|       program main
| #ifndef __GNUC__
|        choke me
| #endif
| 
|       end
configure:4893: result: no
configure:4899: checking whether  accepts -g
configure:4911:  -c -g conftest.f >&5
./configure: line 1: -c: command not found
configure:4917: $? = 127
configure: failed program was:
|       program main
| 
|       end
configure:4942: result: no
configure:4972: checking the maximum length of command line arguments
configure:5037: result: 65536
configure:5048: checking command to parse /usr/bin/nm -p output from gcc object
configure:5137: gcc -c   conftest.c >&5
configure:5140: $? = 0
configure:5144: /usr/bin/nm -p conftest.o \| sed -n -e 's/^.*[ 	]\([BCDEGRST][BCDEGRST]*\)[ 	][ 	]*\(\)\([_A-Za-z][_A-Za-z0-9]*\)$/\1 \2\3 \3/p' \> conftest.nm
configure:5147: $? = 0
cannot find nm_test_var in conftest.nm
configure:5137: gcc -c   conftest.c >&5
configure:5140: $? = 0
configure:5144: /usr/bin/nm -p conftest.o \| sed -n -e 's/^.*[ 	]\([BCDEGRST][BCDEGRST]*\)[ 	][ 	]*\(_\)\([_A-Za-z][_A-Za-z0-9]*\)$/\1 \2\3 \3/p' \> conftest.nm
configure:5147: $? = 0
configure:5199: gcc -o conftest    conftest.c conftstm.o >&5
configure:5202: $? = 0
configure:5240: result: ok
configure:5244: checking for objdir
configure:5259: result: .libs
configure:5349: checking for ar
configure:5365: found /usr/bin/ar
configure:5376: result: ar
configure:5429: checking for ranlib
configure:5445: found /usr/bin/ranlib
configure:5456: result: ranlib
configure:5509: checking for strip
configure:5525: found /usr/bin/strip
configure:5536: result: strip
configure:5798: checking if gcc static flag  works
configure:5821: result: yes
configure:5839: checking if gcc supports -fno-rtti -fno-exceptions
configure:5860: gcc -c   -fno-rtti -fno-exceptions conftest.c >&5
cc1: warning: command line option "-fno-rtti" is valid for C++/ObjC++ but not for C
configure:5864: $? = 0
configure:5872: result: no
configure:5887: checking for gcc option to produce PIC
configure:6064: result: -fno-common
configure:6072: checking if gcc PIC flag -fno-common works
configure:6093: gcc -c   -fno-common -DPIC conftest.c >&5
configure:6097: $? = 0
configure:6105: result: yes
configure:6129: checking if gcc supports -c -o file.o
configure:6160: gcc -c   -o out/conftest2.o conftest.c >&5
configure:6164: $? = 0
configure:6181: result: yes
configure:6207: checking whether the gcc linker (/usr/bin/ld) supports shared libraries
configure:7055: result: yes
configure:7126: checking dynamic linker characteristics
configure:7663: result: darwin8.6.1 dyld
configure:7667: checking how to hardcode library paths into programs
configure:7692: result: immediate
configure:7706: checking whether stripping libraries is possible
configure:7719: result: yes
configure:8541: checking if libtool supports shared libraries
configure:8543: result: yes
configure:8546: checking whether to build shared libraries
configure:8604: result: yes
configure:8607: checking whether to build static libraries
configure:8611: result: yes
configure:8703: creating libtool
configure:9250: checking for ld used by g++
configure:9317: result: /usr/bin/ld
configure:9326: checking if the linker (/usr/bin/ld) is GNU ld
configure:9341: result: no
configure:9392: checking whether the g++ linker (/usr/bin/ld) supports shared libraries
configure:10220: result: yes
configure:10238: g++ -c -g -O2  conftest.cc >&5
configure:10241: $? = 0
configure:10337: checking for g++ option to produce PIC
configure:10589: result: -fno-common
configure:10597: checking if g++ PIC flag -fno-common works
configure:10618: g++ -c -g -O2  -fno-common -DPIC conftest.cc >&5
configure:10622: $? = 0
configure:10630: result: yes
configure:10654: checking if g++ supports -c -o file.o
configure:10685: g++ -c -g -O2  -o out/conftest2.o conftest.cc >&5
configure:10689: $? = 0
configure:10706: result: yes
configure:10732: checking whether the g++ linker (/usr/bin/ld) supports shared libraries
configure:10757: result: yes
configure:10828: checking dynamic linker characteristics
configure:11365: result: darwin8.6.1 dyld
configure:11369: checking how to hardcode library paths into programs
configure:11394: result: immediate
configure:11408: checking whether stripping libraries is possible
configure:11421: result: yes
configure:18915: checking for memory.h
configure:18920: result: yes
configure:19062: checking for cos in -lm
configure:19092: gcc -o conftest -DDARWIN -fno-common -force_cpusubtype_ALL -Wall -g -O4 -ffast-math -fsigned-char  -DUSE_MEMORY_H    conftest.c -lm   >&5
conftest.c:32: warning: conflicting types for built-in function 'cos'
configure:19098: $? = 0
configure:19102: test -z 
			 || test ! -s conftest.err
configure:19105: $? = 0
configure:19108: test -s conftest
configure:19111: $? = 0
configure:19124: result: yes
configure:19132: checking for pthread_create in -lpthread
configure:19162: gcc -o conftest -DDARWIN -fno-common -force_cpusubtype_ALL -Wall -g -O4 -ffast-math -fsigned-char  -DUSE_MEMORY_H    conftest.c -lpthread  -lm >&5
configure:19168: $? = 0
configure:19172: test -z 
			 || test ! -s conftest.err
configure:19175: $? = 0
configure:19178: test -s conftest
configure:19181: $? = 0
configure:19194: result: yes
configure:19253: checking for Ogg
configure:19288: gcc -o conftest -DDARWIN -fno-common -force_cpusubtype_ALL -Wall -g -O4 -ffast-math -fsigned-char  -DUSE_MEMORY_H     conftest.c -lm  -logg >&5
configure:19291: $? = 0
configure:19293: ./conftest
configure:19296: $? = 0
configure:19314: result: yes
configure:19400: checking for oggpack_writealign
configure:19457: gcc -o conftest -DDARWIN -fno-common -force_cpusubtype_ALL -Wall -g -O4 -ffast-math -fsigned-char  -DUSE_MEMORY_H    conftest.c -lm  -logg >&5
configure:19463: $? = 0
configure:19467: test -z 
			 || test ! -s conftest.err
configure:19470: $? = 0
configure:19473: test -s conftest
configure:19476: $? = 0
configure:19488: result: yes
configure:19502: checking for working alloca.h
configure:19523: gcc -o conftest -DDARWIN -fno-common -force_cpusubtype_ALL -Wall -g -O4 -ffast-math -fsigned-char  -DUSE_MEMORY_H    conftest.c -lm  -logg >&5
conftest.c: In function 'main':
conftest.c:29: warning: unused variable 'p'
configure:19529: $? = 0
configure:19533: test -z 
			 || test ! -s conftest.err
configure:19536: $? = 0
configure:19539: test -s conftest
configure:19542: $? = 0
configure:19554: result: yes
configure:19564: checking for alloca
configure:19605: gcc -o conftest -DDARWIN -fno-common -force_cpusubtype_ALL -Wall -g -O4 -ffast-math -fsigned-char  -DUSE_MEMORY_H    conftest.c -lm  -logg >&5
conftest.c: In function 'main':
conftest.c:50: warning: unused variable 'p'
configure:19611: $? = 0
configure:19615: test -z 
			 || test ! -s conftest.err
configure:19618: $? = 0
configure:19621: test -s conftest
configure:19624: $? = 0
configure:19636: result: yes
configure:19859: checking for working memcmp
configure:19907: gcc -o conftest -DDARWIN -fno-common -force_cpusubtype_ALL -Wall -g -O4 -ffast-math -fsigned-char  -DUSE_MEMORY_H    conftest.c -lm  -logg >&5
configure:19910: $? = 0
configure:19912: ./conftest
configure:19915: $? = 0
configure:19929: result: yes
configure:20074: creating ./config.status

## ---------------------- ##
## Running config.status. ##
## ---------------------- ##

This file was extended by config.status, which was
generated by GNU Autoconf 2.58.  Invocation command line was

  CONFIG_FILES    = 
  CONFIG_HEADERS  = 
  CONFIG_LINKS    = 
  CONFIG_COMMANDS = 
  $ ./config.status 

on frylock.local

config.status:713: creating Makefile
config.status:713: creating lib/Makefile
config.status:713: creating lib/modes/Makefile
config.status:713: creating lib/books/Makefile
config.status:713: creating lib/books/coupled/Makefile
config.status:713: creating lib/books/uncoupled/Makefile
config.status:713: creating lib/books/floor/Makefile
config.status:713: creating doc/Makefile
config.status:713: creating doc/vorbisfile/Makefile
config.status:713: creating doc/vorbisenc/Makefile
config.status:713: creating include/Makefile
config.status:713: creating include/vorbis/Makefile
config.status:713: creating examples/Makefile
config.status:713: creating win32/Makefile
config.status:713: creating debian/Makefile
config.status:713: creating vq/Makefile
config.status:713: creating vorbis.pc
config.status:713: creating vorbisenc.pc
config.status:713: creating vorbisfile.pc

## ---------------- ##
## Cache variables. ##
## ---------------- ##

ac_cv_build=i686-apple-darwin8.6.1
ac_cv_build_alias=i686-apple-darwin8.6.1
ac_cv_c_compiler_gnu=yes
ac_cv_cxx_compiler_gnu=yes
ac_cv_env_CC_set=
ac_cv_env_CC_value=
ac_cv_env_CFLAGS_set=
ac_cv_env_CFLAGS_value=
ac_cv_env_CPPFLAGS_set=
ac_cv_env_CPPFLAGS_value=
ac_cv_env_CPP_set=
ac_cv_env_CPP_value=
ac_cv_env_CXXCPP_set=
ac_cv_env_CXXCPP_value=
ac_cv_env_CXXFLAGS_set=
ac_cv_env_CXXFLAGS_value=
ac_cv_env_CXX_set=
ac_cv_env_CXX_value=
ac_cv_env_F77_set=
ac_cv_env_F77_value=
ac_cv_env_FFLAGS_set=
ac_cv_env_FFLAGS_value=
ac_cv_env_LDFLAGS_set=
ac_cv_env_LDFLAGS_value=
ac_cv_env_build_alias_set=
ac_cv_env_build_alias_value=
ac_cv_env_host_alias_set=
ac_cv_env_host_alias_value=
ac_cv_env_target_alias_set=
ac_cv_env_target_alias_value=
ac_cv_exeext=
ac_cv_f77_compiler_gnu=no
ac_cv_func_alloca_works=yes
ac_cv_func_memcmp_working=yes
ac_cv_func_oggpack_writealign=yes
ac_cv_header_dlfcn_h=yes
ac_cv_header_inttypes_h=yes
ac_cv_header_memory_h=yes
ac_cv_header_stdc=yes
ac_cv_header_stdint_h=yes
ac_cv_header_stdlib_h=yes
ac_cv_header_string_h=yes
ac_cv_header_strings_h=yes
ac_cv_header_sys_stat_h=yes
ac_cv_header_sys_types_h=yes
ac_cv_header_unistd_h=yes
ac_cv_host=i686-apple-darwin8.6.1
ac_cv_host_alias=i686-apple-darwin8.6.1
ac_cv_lib_m_cos=yes
ac_cv_lib_pthread_pthread_create=yes
ac_cv_objext=o
ac_cv_path_install='/usr/bin/install -c'
ac_cv_prog_CPP='gcc -E'
ac_cv_prog_CXXCPP='g++ -E'
ac_cv_prog_ac_ct_AR=ar
ac_cv_prog_ac_ct_CC=gcc
ac_cv_prog_ac_ct_CXX=g++
ac_cv_prog_ac_ct_RANLIB=ranlib
ac_cv_prog_ac_ct_STRIP=strip
ac_cv_prog_cc_g=yes
ac_cv_prog_cc_stdc=
ac_cv_prog_cxx_g=yes
ac_cv_prog_egrep='grep -E'
ac_cv_prog_f77_g=no
ac_cv_prog_make_make_set=yes
ac_cv_working_alloca_h=yes
lt_cv_deplibs_check_method=pass_all
lt_cv_file_magic_cmd='$MAGIC_CMD'
lt_cv_file_magic_test_file=
lt_cv_ld_reload_flag=-r
lt_cv_objdir=.libs
lt_cv_path_LD=/usr/bin/ld
lt_cv_path_LDCXX=/usr/bin/ld
lt_cv_path_NM='/usr/bin/nm -p'
lt_cv_path_SED=/usr/bin/sed
lt_cv_prog_compiler_c_o=yes
lt_cv_prog_compiler_c_o_CXX=yes
lt_cv_prog_compiler_rtti_exceptions=no
lt_cv_prog_gnu_ld=no
lt_cv_prog_gnu_ldcxx=no
lt_cv_sys_global_symbol_pipe='sed -n -e '\''s/^.*[ 	]\([BCDEGRST][BCDEGRST]*\)[ 	][ 	]*\(_\)\([_A-Za-z][_A-Za-z0-9]*\)$/\1 \2\3 \3/p'\'''
lt_cv_sys_global_symbol_to_c_name_address='sed -n -e '\''s/^: \([^ ]*\) $/  {\"\1\", (lt_ptr) 0},/p'\'' -e '\''s/^[BCDEGRST] \([^ ]*\) \([^ ]*\)$/  {"\2", (lt_ptr) \&\2},/p'\'''
lt_cv_sys_global_symbol_to_cdecl='sed -n -e '\''s/^. .* \(.*\)$/extern int \1;/p'\'''
lt_cv_sys_max_cmd_len=65536
lt_lt_cv_prog_compiler_c_o='"yes"'
lt_lt_cv_prog_compiler_c_o_CXX='"yes"'
lt_lt_cv_sys_global_symbol_pipe='"sed -n -e '\''s/^.*[ 	]\\([BCDEGRST][BCDEGRST]*\\)[ 	][ 	]*\\(_\\)\\([_A-Za-z][_A-Za-z0-9]*\\)\$/\\1 \\2\\3 \\3/p'\''"'
lt_lt_cv_sys_global_symbol_to_c_name_address='"sed -n -e '\''s/^: \\([^ ]*\\) \$/  {\\\"\\1\\\", (lt_ptr) 0},/p'\'' -e '\''s/^[BCDEGRST] \\([^ ]*\\) \\([^ ]*\\)\$/  {\"\\2\", (lt_ptr) \\&\\2},/p'\''"'
lt_lt_cv_sys_global_symbol_to_cdecl='"sed -n -e '\''s/^. .* \\(.*\\)\$/extern int \\1;/p'\''"'

## ----------------- ##
## Output variables. ##
## ----------------- ##

ACLOCAL='/OggFrog/libvorbis/missing aclocal-1.4'
ALLOCA=''
AR='ar'
AUTOCONF='autoconf'
AUTOHEADER='autoheader'
AUTOMAKE='/OggFrog/libvorbis/missing automake-1.4'
BUILD_DOCS_FALSE=''
BUILD_DOCS_TRUE='#'
CC='gcc'
CFLAGS='-DDARWIN -fno-common -force_cpusubtype_ALL -Wall -g -O4 -ffast-math -fsigned-char  -DUSE_MEMORY_H'
CPP='gcc -E'
CPPFLAGS=''
CXX='g++'
CXXCPP='g++ -E'
CXXFLAGS='-g -O2'
DEBUG='-DDARWIN -fno-common -force_cpusubtype_ALL -Wall -g -O0 -fsigned-char'
DEFS='-DPACKAGE_NAME=\"\" -DPACKAGE_TARNAME=\"\" -DPACKAGE_VERSION=\"\" -DPACKAGE_STRING=\"\" -DPACKAGE_BUGREPORT=\"\" -DPACKAGE=\"libvorbis\" -DVERSION=\"1.0.1\" -DSTDC_HEADERS=1 -DHAVE_SYS_TYPES_H=1 -DHAVE_SYS_STAT_H=1 -DHAVE_STDLIB_H=1 -DHAVE_STRING_H=1 -DHAVE_MEMORY_H=1 -DHAVE_STRINGS_H=1 -DHAVE_INTTYPES_H=1 -DHAVE_STDINT_H=1 -DHAVE_UNISTD_H=1 -DHAVE_DLFCN_H=1 -DHAVE_ALLOCA_H=1 -DHAVE_ALLOCA=1 '
ECHO='echo'
ECHO_C=''
ECHO_N='-n'
ECHO_T=''
EGREP='grep -E'
EXEEXT=''
F77=''
FFLAGS=''
INSTALL_DATA='${INSTALL} -m 644'
INSTALL_PROGRAM='${INSTALL}'
INSTALL_SCRIPT='${INSTALL}'
LDFLAGS=' '
LIBOBJS=''
LIBS='-lm  -logg'
LIBTOOL='$(SHELL) $(top_builddir)/libtool'
LN_S='ln -s'
LTLIBOBJS=''
MAINT='#'
MAINTAINER_MODE_FALSE=''
MAINTAINER_MODE_TRUE='#'
MAKEINFO='makeinfo'
OBJEXT='o'
OGG_CFLAGS=''
OGG_LIBS=' -logg'
PACKAGE='libvorbis'
PACKAGE_BUGREPORT=''
PACKAGE_NAME=''
PACKAGE_STRING=''
PACKAGE_TARNAME=''
PACKAGE_VERSION=''
PATH_SEPARATOR=':'
PDFXMLTEX=''
PROFILE='-DDARWIN -fno-common -force_cpusubtype_ALL -Wall -g -pg -O4 -ffast-math -fsigned-char'
RANLIB='ranlib'
SET_MAKE=''
SHELL='/bin/sh'
STRIP='strip'
VERSION='1.0.1'
VE_LIB_AGE='0'
VE_LIB_CURRENT='2'
VE_LIB_REVISION='0'
VF_LIB_AGE='1'
VF_LIB_CURRENT='4'
VF_LIB_REVISION='0'
V_LIB_AGE='3'
V_LIB_CURRENT='3'
V_LIB_REVISION='0'
XSLTPROC=''
ac_ct_AR='ar'
ac_ct_CC='gcc'
ac_ct_CXX='g++'
ac_ct_F77=''
ac_ct_RANLIB='ranlib'
ac_ct_STRIP='strip'
bindir='${exec_prefix}/bin'
build='i686-apple-darwin8.6.1'
build_alias=''
build_cpu='i686'
build_os='darwin8.6.1'
build_vendor='apple'
datadir='${prefix}/share'
exec_prefix='${prefix}'
host='i686-apple-darwin8.6.1'
host_alias=''
host_cpu='i686'
host_os='darwin8.6.1'
host_vendor='apple'
includedir='${prefix}/include'
infodir='${prefix}/info'
libdir='${exec_prefix}/lib'
libexecdir='${exec_prefix}/libexec'
localstatedir='${prefix}/var'
mandir='${prefix}/man'
oldincludedir='/usr/include'
prefix='/usr/local'
program_transform_name='s,x,x,'
pthread_lib='-lpthread'
sbindir='${exec_prefix}/sbin'
sharedstatedir='${prefix}/com'
sysconfdir='${prefix}/etc'
target_alias=''

## ----------- ##
## confdefs.h. ##
## ----------- ##

#define HAVE_ALLOCA 1
#define HAVE_ALLOCA_H 1
#define HAVE_DLFCN_H 1
#define HAVE_INTTYPES_H 1
#define HAVE_MEMORY_H 1
#define HAVE_STDINT_H 1
#define HAVE_STDLIB_H 1
#define HAVE_STRINGS_H 1
#define HAVE_STRING_H 1
#define HAVE_SYS_STAT_H 1
#define HAVE_SYS_TYPES_H 1
#define HAVE_UNISTD_H 1
#define PACKAGE "libvorbis"
#define PACKAGE_BUGREPORT ""
#define PACKAGE_NAME ""
#define PACKAGE_STRING ""
#define PACKAGE_TARNAME ""
#define PACKAGE_VERSION ""
#define STDC_HEADERS 1
#define VERSION "1.0.1"
#endif
#ifdef __cplusplus
extern "C" void std::exit (int); using std::exit;

configure: exit 0
